==============================================
   meme 5.1.1: tests/scripts/test-suite.log
==============================================

# TOTAL: 152
# PASS:  96
# SKIP:  18
# XFAIL: 0
# FAIL:  38
# XPASS: 0
# ERROR: 0

.. contents:: :depth: 2

RUN: motif-in
=============

*******************************************************************************
Generating meme motifs...
meme -oc results/motif.meme.crp0 -nostatus -p 4 -dna -nmotifs 3 /lustre/bmt-data/genomics/projects/lussana/bpnet_model_training/local/src/meme-5.1.1/tests/common/crp0.s
Option '-p' given but Parallel MEME not configured. Running Serial MEME.
Can't locate XML/Parser/Expat.pm in @INC (@INC contains: /lustre/bmt-data/genomics/projects/lussana/bpnet_model_training/local/src/meme-5.1.1/scripts /home/hgallu/meme/lib/meme-5.1.1/perl /lustre/bmt-data/genomics/projects/lussana/bpnet_model_training/local/src/meme-5.1.1/scripts /usr/local/lib64/perl5 /usr/local/share/perl5 /usr/lib64/perl5/vendor_perl /usr/share/perl5/vendor_perl /usr/lib64/perl5 /usr/share/perl5 .) at /lustre/bmt-data/genomics/projects/lussana/bpnet_model_training/local/src/meme-5.1.1/scripts/CheckingSAX.pm line 12.
BEGIN failed--compilation aborted at /lustre/bmt-data/genomics/projects/lussana/bpnet_model_training/local/src/meme-5.1.1/scripts/CheckingSAX.pm line 12.
Compilation failed in require at (eval 13) line 2.
	...propagated at /usr/share/perl5/base.pm line 84.
BEGIN failed--compilation aborted at /lustre/bmt-data/genomics/projects/lussana/bpnet_model_training/local/src/meme-5.1.1/scripts/MemeSAX.pm line 3.
Compilation failed in require at /lustre/bmt-data/genomics/projects/lussana/bpnet_model_training/local/src/meme-5.1.1/scripts/meme_xml_to_html line 48.
Warning: meme_xml_to_html exited abnormally and may have failed to create HTML output.
*******************************************************************************
Test motif-in.meme.crp0.text ...
SKIPPED!
*******************************************************************************
Test motif-in.meme.crp0.xml ...
SKIPPED!
*******************************************************************************
Test motif-in.meme.crp0.html ...
SKIPPED!
*******************************************************************************
Generating meme motifs...
meme -oc results/motif.meme.lipocalin -nostatus -p 4 -protein -nmotifs 3 /lustre/bmt-data/genomics/projects/lussana/bpnet_model_training/local/src/meme-5.1.1/tests/common/lipocalin.s
Option '-p' given but Parallel MEME not configured. Running Serial MEME.
Can't locate XML/Parser/Expat.pm in @INC (@INC contains: /lustre/bmt-data/genomics/projects/lussana/bpnet_model_training/local/src/meme-5.1.1/scripts /home/hgallu/meme/lib/meme-5.1.1/perl /lustre/bmt-data/genomics/projects/lussana/bpnet_model_training/local/src/meme-5.1.1/scripts /usr/local/lib64/perl5 /usr/local/share/perl5 /usr/lib64/perl5/vendor_perl /usr/share/perl5/vendor_perl /usr/lib64/perl5 /usr/share/perl5 .) at /lustre/bmt-data/genomics/projects/lussana/bpnet_model_training/local/src/meme-5.1.1/scripts/CheckingSAX.pm line 12.
BEGIN failed--compilation aborted at /lustre/bmt-data/genomics/projects/lussana/bpnet_model_training/local/src/meme-5.1.1/scripts/CheckingSAX.pm line 12.
Compilation failed in require at (eval 13) line 2.
	...propagated at /usr/share/perl5/base.pm line 84.
BEGIN failed--compilation aborted at /lustre/bmt-data/genomics/projects/lussana/bpnet_model_training/local/src/meme-5.1.1/scripts/MemeSAX.pm line 3.
Compilation failed in require at /lustre/bmt-data/genomics/projects/lussana/bpnet_model_training/local/src/meme-5.1.1/scripts/meme_xml_to_html line 48.
Warning: meme_xml_to_html exited abnormally and may have failed to create HTML output.
*******************************************************************************
Test motif-in.meme.lipocalin.text ...
SKIPPED!
*******************************************************************************
Test motif-in.meme.lipocalin.xml ...
SKIPPED!
*******************************************************************************
Test motif-in.meme.lipocalin.html ...
SKIPPED!
*******************************************************************************
Generating meme motifs...
meme -oc results/motif.meme.puf3p -nostatus -p 4 -rna -nmotifs 3 /lustre/bmt-data/genomics/projects/lussana/bpnet_model_training/local/src/meme-5.1.1/tests/common/Puf3p-20.s
Option '-p' given but Parallel MEME not configured. Running Serial MEME.
Can't locate XML/Parser/Expat.pm in @INC (@INC contains: /lustre/bmt-data/genomics/projects/lussana/bpnet_model_training/local/src/meme-5.1.1/scripts /home/hgallu/meme/lib/meme-5.1.1/perl /lustre/bmt-data/genomics/projects/lussana/bpnet_model_training/local/src/meme-5.1.1/scripts /usr/local/lib64/perl5 /usr/local/share/perl5 /usr/lib64/perl5/vendor_perl /usr/share/perl5/vendor_perl /usr/lib64/perl5 /usr/share/perl5 .) at /lustre/bmt-data/genomics/projects/lussana/bpnet_model_training/local/src/meme-5.1.1/scripts/CheckingSAX.pm line 12.
BEGIN failed--compilation aborted at /lustre/bmt-data/genomics/projects/lussana/bpnet_model_training/local/src/meme-5.1.1/scripts/CheckingSAX.pm line 12.
Compilation failed in require at (eval 13) line 2.
	...propagated at /usr/share/perl5/base.pm line 84.
BEGIN failed--compilation aborted at /lustre/bmt-data/genomics/projects/lussana/bpnet_model_training/local/src/meme-5.1.1/scripts/MemeSAX.pm line 3.
Compilation failed in require at /lustre/bmt-data/genomics/projects/lussana/bpnet_model_training/local/src/meme-5.1.1/scripts/meme_xml_to_html line 48.
Warning: meme_xml_to_html exited abnormally and may have failed to create HTML output.
*******************************************************************************
Test motif-in.meme.puf3p.text ...
SKIPPED!
*******************************************************************************
Test motif-in.meme.puf3p.xml ...
SKIPPED!
*******************************************************************************
Test motif-in.meme.puf3p.html ...
SKIPPED!
*******************************************************************************
Generating meme motifs...
meme -oc results/motif.meme.crp0.extdna -nostatus -p 4 -alph /lustre/bmt-data/genomics/projects/lussana/bpnet_model_training/local/src/meme-5.1.1/tests/common/extended_dna.alph -nmotifs 3 /lustre/bmt-data/genomics/projects/lussana/bpnet_model_training/local/src/meme-5.1.1/tests/common/crp0.s
Option '-p' given but Parallel MEME not configured. Running Serial MEME.
Can't locate XML/Parser/Expat.pm in @INC (@INC contains: /lustre/bmt-data/genomics/projects/lussana/bpnet_model_training/local/src/meme-5.1.1/scripts /home/hgallu/meme/lib/meme-5.1.1/perl /lustre/bmt-data/genomics/projects/lussana/bpnet_model_training/local/src/meme-5.1.1/scripts /usr/local/lib64/perl5 /usr/local/share/perl5 /usr/lib64/perl5/vendor_perl /usr/share/perl5/vendor_perl /usr/lib64/perl5 /usr/share/perl5 .) at /lustre/bmt-data/genomics/projects/lussana/bpnet_model_training/local/src/meme-5.1.1/scripts/CheckingSAX.pm line 12.
BEGIN failed--compilation aborted at /lustre/bmt-data/genomics/projects/lussana/bpnet_model_training/local/src/meme-5.1.1/scripts/CheckingSAX.pm line 12.
Compilation failed in require at (eval 13) line 2.
	...propagated at /usr/share/perl5/base.pm line 84.
BEGIN failed--compilation aborted at /lustre/bmt-data/genomics/projects/lussana/bpnet_model_training/local/src/meme-5.1.1/scripts/MemeSAX.pm line 3.
Compilation failed in require at /lustre/bmt-data/genomics/projects/lussana/bpnet_model_training/local/src/meme-5.1.1/scripts/meme_xml_to_html line 48.
Warning: meme_xml_to_html exited abnormally and may have failed to create HTML output.
*******************************************************************************
Test motif-in.meme.crp0.extdna.text ...
SKIPPED!
*******************************************************************************
Test motif-in.meme.crp0.extdna.xml ...
SKIPPED!
*******************************************************************************
Test motif-in.meme.crp0.extdna.html ...
SKIPPED!
*******************************************************************************
Generating dreme motifs...
dreme -oc results/motif.dreme.klf1 -m 2 -p /lustre/bmt-data/genomics/projects/lussana/bpnet_model_training/local/src/meme-5.1.1/tests/common/Klf1-200-100.fa -n /lustre/bmt-data/genomics/projects/lussana/bpnet_model_training/local/src/meme-5.1.1/tests/common/Klf1-200-100-shuffled.py2.fa
Can't locate XML/Parser/Expat.pm in @INC (@INC contains: /lustre/bmt-data/genomics/projects/lussana/bpnet_model_training/local/src/meme-5.1.1/scripts /usr/local/lib64/perl5 /usr/local/share/perl5 /usr/lib64/perl5/vendor_perl /usr/share/perl5/vendor_perl /usr/lib64/perl5 /usr/share/perl5 .) at /lustre/bmt-data/genomics/projects/lussana/bpnet_model_training/local/src/meme-5.1.1/scripts/dreme_xml_to_html line 21.
BEGIN failed--compilation aborted at /lustre/bmt-data/genomics/projects/lussana/bpnet_model_training/local/src/meme-5.1.1/scripts/dreme_xml_to_html line 21.
Can't locate XML/Parser/Expat.pm in @INC (@INC contains: /lustre/bmt-data/genomics/projects/lussana/bpnet_model_training/local/src/meme-5.1.1/scripts /usr/local/lib64/perl5 /usr/local/share/perl5 /usr/lib64/perl5/vendor_perl /usr/share/perl5/vendor_perl /usr/lib64/perl5 /usr/share/perl5 .) at /lustre/bmt-data/genomics/projects/lussana/bpnet_model_training/local/src/meme-5.1.1/scripts/dreme_xml_to_txt line 21.
BEGIN failed--compilation aborted at /lustre/bmt-data/genomics/projects/lussana/bpnet_model_training/local/src/meme-5.1.1/scripts/dreme_xml_to_txt line 21.
Failed to create HTML file.
Failed to create text file.
Reading positive sequences /lustre/bmt-data/genomics/projects/lussana/bpnet_model_training/local/src/meme-5.1.1/tests/common/Klf1-200-100.fa ...
Reading negative sequences /lustre/bmt-data/genomics/projects/lussana/bpnet_model_training/local/src/meme-5.1.1/tests/common/Klf1-200-100-shuffled.py2.fa ...
Looking for motif 1...
Counting positive sequences with each word...
Counting negative sequences with each word...
Applying Fisher's Exact Test to 17567 words...
Generalizing top 100 of 17567 REs to 1 ambiguous characters...
Generalizing top 47 of 47 REs to 2 ambiguous characters...
Generalizing top 2 of 2 REs to 3 ambiguous characters...
Computing exact p-values for 49 REs...
Best RE was ACRCCC GGGYGT p-value= 1.7e-012 E-value= 2.9e-008 Unerased_E-value= 2.9e-008
Erasing best word (ACRCCC GGGYGT)...
Looking for motif 2...
Counting positive sequences with each word...
Counting negative sequences with each word...
Applying Fisher's Exact Test to 17086 words...
Generalizing top 100 of 17086 REs to 1 ambiguous characters...
Generalizing top 25 of 25 REs to 2 ambiguous characters...
Computing exact p-values for 25 REs...
Best RE was TTATCW WGATAA p-value= 4.0e-011 E-value= 6.8e-007 Unerased_E-value= 6.8e-007
Stopping due to hitting the maximum count.
2 motifs with E-value < 0.05 found in 2.1 seconds.
Creating HTML file.
Creating text file.
*******************************************************************************
Test motif-in.dreme.klf1.text ...
SKIPPED!
*******************************************************************************
Test motif-in.dreme.klf1.xml ...
meme2images -eps results/motif.dreme.klf1/dreme.xml results/motif-in.dreme.klf1.xml
PASSED!
*******************************************************************************
Test motif-in.dreme.klf1.html ...
SKIPPED!
*******************************************************************************
Generating dreme motifs...
dreme -oc results/motif.dreme.klf1.extdna -alph /lustre/bmt-data/genomics/projects/lussana/bpnet_model_training/local/src/meme-5.1.1/tests/common/extended_dna.alph -m 2 -p /lustre/bmt-data/genomics/projects/lussana/bpnet_model_training/local/src/meme-5.1.1/tests/common/Klf1-200-100.fa -n /lustre/bmt-data/genomics/projects/lussana/bpnet_model_training/local/src/meme-5.1.1/tests/common/Klf1-200-100-shuffled.py2.fa
Can't locate XML/Parser/Expat.pm in @INC (@INC contains: /lustre/bmt-data/genomics/projects/lussana/bpnet_model_training/local/src/meme-5.1.1/scripts /usr/local/lib64/perl5 /usr/local/share/perl5 /usr/lib64/perl5/vendor_perl /usr/share/perl5/vendor_perl /usr/lib64/perl5 /usr/share/perl5 .) at /lustre/bmt-data/genomics/projects/lussana/bpnet_model_training/local/src/meme-5.1.1/scripts/dreme_xml_to_html line 21.
BEGIN failed--compilation aborted at /lustre/bmt-data/genomics/projects/lussana/bpnet_model_training/local/src/meme-5.1.1/scripts/dreme_xml_to_html line 21.
Can't locate XML/Parser/Expat.pm in @INC (@INC contains: /lustre/bmt-data/genomics/projects/lussana/bpnet_model_training/local/src/meme-5.1.1/scripts /usr/local/lib64/perl5 /usr/local/share/perl5 /usr/lib64/perl5/vendor_perl /usr/share/perl5/vendor_perl /usr/lib64/perl5 /usr/share/perl5 .) at /lustre/bmt-data/genomics/projects/lussana/bpnet_model_training/local/src/meme-5.1.1/scripts/dreme_xml_to_txt line 21.
BEGIN failed--compilation aborted at /lustre/bmt-data/genomics/projects/lussana/bpnet_model_training/local/src/meme-5.1.1/scripts/dreme_xml_to_txt line 21.
Failed to create HTML file.
Failed to create text file.
Reading positive sequences /lustre/bmt-data/genomics/projects/lussana/bpnet_model_training/local/src/meme-5.1.1/tests/common/Klf1-200-100.fa ...
Reading negative sequences /lustre/bmt-data/genomics/projects/lussana/bpnet_model_training/local/src/meme-5.1.1/tests/common/Klf1-200-100-shuffled.py2.fa ...
Looking for motif 1...
Counting positive sequences with each word...
Counting negative sequences with each word...
Applying Fisher's Exact Test to 17567 words...
Generalizing top 100 of 17567 REs to 1 ambiguous characters...
Generalizing top 47 of 47 REs to 2 ambiguous characters...
Generalizing top 2 of 2 REs to 3 ambiguous characters...
Computing exact p-values for 49 REs...
Best RE was ACRCCC GGGYGT p-value= 1.7e-012 E-value= 2.9e-008 Unerased_E-value= 2.9e-008
Erasing best word (ACRCCC GGGYGT)...
Looking for motif 2...
Counting positive sequences with each word...
Counting negative sequences with each word...
Applying Fisher's Exact Test to 17086 words...
Generalizing top 100 of 17086 REs to 1 ambiguous characters...
Generalizing top 25 of 25 REs to 2 ambiguous characters...
Computing exact p-values for 25 REs...
Best RE was TTATCW WGATAA p-value= 4.0e-011 E-value= 6.8e-007 Unerased_E-value= 6.8e-007
Stopping due to hitting the maximum count.
2 motifs with E-value < 0.05 found in 2.1 seconds.
Creating HTML file.
Creating text file.
*******************************************************************************
Test motif-in.dreme.klf1.extdna.text ...
SKIPPED!
*******************************************************************************
Test motif-in.dreme.klf1.extdna.xml ...
meme2images -eps results/motif.dreme.klf1.extdna/dreme.xml results/motif-in.dreme.klf1.extdna.xml
PASSED!
*******************************************************************************
Test motif-in.dreme.klf1.extdna.html ...
SKIPPED!
*******************************************************************************
Generating dreme motifs...
dreme -oc results/motif.dreme.puf3p -rna -m 3 -p /lustre/bmt-data/genomics/projects/lussana/bpnet_model_training/local/src/meme-5.1.1/tests/common/Puf3p.s
Can't locate XML/Parser/Expat.pm in @INC (@INC contains: /lustre/bmt-data/genomics/projects/lussana/bpnet_model_training/local/src/meme-5.1.1/scripts /usr/local/lib64/perl5 /usr/local/share/perl5 /usr/lib64/perl5/vendor_perl /usr/share/perl5/vendor_perl /usr/lib64/perl5 /usr/share/perl5 .) at /lustre/bmt-data/genomics/projects/lussana/bpnet_model_training/local/src/meme-5.1.1/scripts/dreme_xml_to_html line 21.
BEGIN failed--compilation aborted at /lustre/bmt-data/genomics/projects/lussana/bpnet_model_training/local/src/meme-5.1.1/scripts/dreme_xml_to_html line 21.
Can't locate XML/Parser/Expat.pm in @INC (@INC contains: /lustre/bmt-data/genomics/projects/lussana/bpnet_model_training/local/src/meme-5.1.1/scripts /usr/local/lib64/perl5 /usr/local/share/perl5 /usr/lib64/perl5/vendor_perl /usr/share/perl5/vendor_perl /usr/lib64/perl5 /usr/share/perl5 .) at /lustre/bmt-data/genomics/projects/lussana/bpnet_model_training/local/src/meme-5.1.1/scripts/dreme_xml_to_txt line 21.
BEGIN failed--compilation aborted at /lustre/bmt-data/genomics/projects/lussana/bpnet_model_training/local/src/meme-5.1.1/scripts/dreme_xml_to_txt line 21.
Failed to create HTML file.
Failed to create text file.
Reading positive sequences /lustre/bmt-data/genomics/projects/lussana/bpnet_model_training/local/src/meme-5.1.1/tests/common/Puf3p.s ...
Shuffling positive sequences...
Looking for motif 1...
Counting positive sequences with each word...
Counting negative sequences with each word...
Applying Fisher's Exact Test to 58954 words...
Generalizing top 100 of 58954 REs to 1 ambiguous characters...
Generalizing top 100 of 478 REs to 2 ambiguous characters...
Generalizing top 60 of 60 REs to 3 ambiguous characters...
Computing exact p-values for 100 REs...
Best RE was URUAHAUA p-value= 6.4e-076 E-value= 3.8e-071 Unerased_E-value= 3.8e-071
Erasing best word (URUAHAUA)...
Looking for motif 2...
Counting positive sequences with each word...
Counting negative sequences with each word...
Applying Fisher's Exact Test to 58574 words...
Generalizing top 100 of 58574 REs to 1 ambiguous characters...
Generalizing top 100 of 171 REs to 2 ambiguous characters...
Generalizing top 21 of 21 REs to 3 ambiguous characters...
Computing exact p-values for 100 REs...
Best RE was UUUUYUY p-value= 1.4e-012 E-value= 8.0e-008 Unerased_E-value= 5.7e-008
Erasing best word (UUUUYUY)...
Looking for motif 3...
Counting positive sequences with each word...
Counting negative sequences with each word...
Applying Fisher's Exact Test to 58356 words...
Generalizing top 100 of 58356 REs to 1 ambiguous characters...
Generalizing top 100 of 102 REs to 2 ambiguous characters...
Generalizing top 4 of 4 REs to 3 ambiguous characters...
Computing exact p-values for 100 REs...
Best RE was GAARR p-value= 4.8e-011 E-value= 2.8e-006 Unerased_E-value= 2.8e-006
Stopping due to hitting the maximum count.
3 motifs with E-value < 0.05 found in 16.2 seconds.
Creating HTML file.
Creating text file.
*******************************************************************************
Test motif-in.dreme.puf3p.text ...
SKIPPED!
*******************************************************************************
Test motif-in.dreme.puf3p.xml ...
meme2images -eps results/motif.dreme.puf3p/dreme.xml results/motif-in.dreme.puf3p.xml
PASSED!
*******************************************************************************
Test motif-in.dreme.puf3p.html ...
SKIPPED!

RUN: ama
========

*******************************************************************************
Test ama1 ...
ama --verbosity 1 --scoring max-odds /lustre/bmt-data/genomics/projects/lussana/bpnet_model_training/local/src/meme-5.1.1/tests/gomo/motif.meme.txt /lustre/bmt-data/genomics/projects/lussana/bpnet_model_training/local/src/meme-5.1.1/tests/gomo/seqs.fasta /lustre/bmt-data/genomics/projects/lussana/bpnet_model_training/local/src/meme-5.1.1/tests/gomo/seqs.bg 1> results/ama1/ama_1k2Zl_stdout 2> log
PASSED!
*******************************************************************************
Test ama2 ...
ama --pvalues --verbosity 1 --cs /lustre/bmt-data/genomics/projects/lussana/bpnet_model_training/local/src/meme-5.1.1/tests/gomo/motif.meme.txt /lustre/bmt-data/genomics/projects/lussana/bpnet_model_training/local/src/meme-5.1.1/tests/gomo/seqs_red.fasta /lustre/bmt-data/genomics/projects/lussana/bpnet_model_training/local/src/meme-5.1.1/tests/gomo/seqs.norc.bg 1> results/ama2/ama_YbgG3_stdout 2> log
PASSED!

RUN: ame
========

*******************************************************************************
Test ame1 ...
ame --verbose 1 --method fisher --scoring totalhits --oc results/ame1 --evalue-report-threshold 2 --hit-lo-fraction 0.85 --bgfile --uniform-- common/Klf1-200-100.combined.fa common/Jaspar-subset.meme common/Jaspar-subset2.meme &> log
reference /lustre/bmt-data/genomics/projects/lussana/bpnet_model_training/local/src/meme-5.1.1/tests/ame/ame.fisher.totalhits.no_control.html output results/ame1/ame.html
reference /lustre/bmt-data/genomics/projects/lussana/bpnet_model_training/local/src/meme-5.1.1/tests/ame/ame.fisher.totalhits.no_control.tsv output results/ame1/ame.tsv
reference /lustre/bmt-data/genomics/projects/lussana/bpnet_model_training/local/src/meme-5.1.1/tests/ame/ame.fisher.totalhits.no_control.sequences.tsv output results/ame1/sequences.tsv
PASSED!
*******************************************************************************
Test ame2 ...
ame --verbose 1 --method fisher --scoring totalhits --oc results/ame2 --evalue-report-threshold 2 --hit-lo-fraction 0.85 --bgfile --motif-- -motif-pseudo 0 --control --shuffle-- --seed 5 common/Klf1-200-100.fa common/Jaspar-subset.meme common/Jaspar-subset2.meme &> log
reference /lustre/bmt-data/genomics/projects/lussana/bpnet_model_training/local/src/meme-5.1.1/tests/ame/ame.fisher.totalhits.control.html output results/ame2/ame.html
reference /lustre/bmt-data/genomics/projects/lussana/bpnet_model_training/local/src/meme-5.1.1/tests/ame/ame.fisher.totalhits.control.tsv output results/ame2/ame.tsv
reference /lustre/bmt-data/genomics/projects/lussana/bpnet_model_training/local/src/meme-5.1.1/tests/ame/ame.fisher.totalhits.control.sequences.tsv output results/ame2/sequences.tsv
PASSED!
*******************************************************************************
Test ame3 ...
ame --verbose 1 --method fisher --scoring totalhits --oc results/ame3 --evalue-report-threshold 2 --hit-lo-fraction 0.85 --fix-partition 169 common/Klf1-200-100.combined.nofasta.fa common/Jaspar-subset.meme common/Jaspar-subset2.meme &> log
reference /lustre/bmt-data/genomics/projects/lussana/bpnet_model_training/local/src/meme-5.1.1/tests/ame/ame.fisher.totalhits.fix-partition.html output results/ame3/ame.html
reference /lustre/bmt-data/genomics/projects/lussana/bpnet_model_training/local/src/meme-5.1.1/tests/ame/ame.fisher.totalhits.fix-partition.tsv output results/ame3/ame.tsv
reference /lustre/bmt-data/genomics/projects/lussana/bpnet_model_training/local/src/meme-5.1.1/tests/ame/ame.fisher.totalhits.fix-partition.sequences.tsv output results/ame3/sequences.tsv
PASSED!
*******************************************************************************
Test ame4 ...
ame --verbose 1 --method fisher --scoring avg --oc results/ame4 --evalue-report-threshold 2 --bgfile --uniform-- --poslist fasta --hit-lo-fraction 0.85 common/Klf1-200-100.combined.fa common/Jaspar-subset.meme common/Jaspar-subset2.meme &> log
reference /lustre/bmt-data/genomics/projects/lussana/bpnet_model_training/local/src/meme-5.1.1/tests/ame/ame.fisher.avg.no_control.html output results/ame4/ame.html
reference /lustre/bmt-data/genomics/projects/lussana/bpnet_model_training/local/src/meme-5.1.1/tests/ame/ame.fisher.avg.no_control.tsv output results/ame4/ame.tsv
reference /lustre/bmt-data/genomics/projects/lussana/bpnet_model_training/local/src/meme-5.1.1/tests/ame/ame.fisher.avg.no_control.sequences.tsv output results/ame4/sequences.tsv
PASSED!
*******************************************************************************
Test ame5 ...
ame --verbose 1 --method fisher --scoring avg --oc results/ame5 --evalue-report-threshold 2 --bgfile --motif-- -motif-pseudo 0 --control --shuffle-- --kmer 1 common/Klf1-200-100.fa common/Jaspar-subset.meme common/Jaspar-subset2.meme &> log
reference /lustre/bmt-data/genomics/projects/lussana/bpnet_model_training/local/src/meme-5.1.1/tests/ame/ame.fisher.avg.control.html output results/ame5/ame.html
reference /lustre/bmt-data/genomics/projects/lussana/bpnet_model_training/local/src/meme-5.1.1/tests/ame/ame.fisher.avg.control.tsv output results/ame5/ame.tsv
reference /lustre/bmt-data/genomics/projects/lussana/bpnet_model_training/local/src/meme-5.1.1/tests/ame/ame.fisher.avg.control.sequences.tsv output results/ame5/sequences.tsv
PASSED!
*******************************************************************************
Test ame6 ...
ame --verbose 1 --method fisher --scoring avg --oc results/ame6 --evalue-report-threshold 2 --fix-partition 169 common/Klf1-200-100.combined.nofasta.fa common/Jaspar-subset.meme common/Jaspar-subset2.meme &> log
reference /lustre/bmt-data/genomics/projects/lussana/bpnet_model_training/local/src/meme-5.1.1/tests/ame/ame.fisher.avg.fix-partition.html output results/ame6/ame.html
reference /lustre/bmt-data/genomics/projects/lussana/bpnet_model_training/local/src/meme-5.1.1/tests/ame/ame.fisher.avg.fix-partition.tsv output results/ame6/ame.tsv
reference /lustre/bmt-data/genomics/projects/lussana/bpnet_model_training/local/src/meme-5.1.1/tests/ame/ame.fisher.avg.fix-partition.sequences.tsv output results/ame6/sequences.tsv
PASSED!
*******************************************************************************
Test ame7 ...
ame --verbose 1 --method ranksum --scoring totalhits --oc results/ame7 --evalue-report-threshold 100 --hit-lo-fraction 0.85 --bgfile --uniform-- common/Klf1-200-100.combined.fa common/Jaspar-subset.meme common/Jaspar-subset2.meme &> log
reference /lustre/bmt-data/genomics/projects/lussana/bpnet_model_training/local/src/meme-5.1.1/tests/ame/ame.ranksum.totalhits.no_control.html output results/ame7/ame.html
reference /lustre/bmt-data/genomics/projects/lussana/bpnet_model_training/local/src/meme-5.1.1/tests/ame/ame.ranksum.totalhits.no_control.tsv output results/ame7/ame.tsv
PASSED!
*******************************************************************************
Test ame8 ...
ame --verbose 1 --method ranksum --scoring totalhits --oc results/ame8 --evalue-report-threshold 100 --hit-lo-fraction 0.85 --bgfile --motif-- -motif-pseudo 0 --control common/Klf1-200-100-shuffled.py2.fa common/Klf1-200-100.fa common/Jaspar-subset.meme common/Jaspar-subset2.meme &> log
reference /lustre/bmt-data/genomics/projects/lussana/bpnet_model_training/local/src/meme-5.1.1/tests/ame/ame.ranksum.totalhits.control.html output results/ame8/ame.html
reference /lustre/bmt-data/genomics/projects/lussana/bpnet_model_training/local/src/meme-5.1.1/tests/ame/ame.ranksum.totalhits.control.tsv output results/ame8/ame.tsv
PASSED!
*******************************************************************************
Test ame9 ...
ame --verbose 1 --method ranksum --scoring totalhits --oc results/ame9 --evalue-report-threshold 100 --hit-lo-fraction 0.85 --fix-partition 169 common/Klf1-200-100.combined.nofasta.fa common/Jaspar-subset.meme common/Jaspar-subset2.meme &> log
reference /lustre/bmt-data/genomics/projects/lussana/bpnet_model_training/local/src/meme-5.1.1/tests/ame/ame.ranksum.totalhits.fix-partition.html output results/ame9/ame.html
reference /lustre/bmt-data/genomics/projects/lussana/bpnet_model_training/local/src/meme-5.1.1/tests/ame/ame.ranksum.totalhits.fix-partition.tsv output results/ame9/ame.tsv
PASSED!
*******************************************************************************
Test ame10 ...
ame --verbose 1 --method ranksum --scoring avg --oc results/ame10 --evalue-report-threshold 100 --bgfile --uniform-- --poslist fasta --hit-lo-fraction 0.85 common/Klf1-200-100.combined.fa common/Jaspar-subset.meme common/Jaspar-subset2.meme &> log
reference /lustre/bmt-data/genomics/projects/lussana/bpnet_model_training/local/src/meme-5.1.1/tests/ame/ame.ranksum.avg.no_control.html output results/ame10/ame.html
reference /lustre/bmt-data/genomics/projects/lussana/bpnet_model_training/local/src/meme-5.1.1/tests/ame/ame.ranksum.avg.no_control.tsv output results/ame10/ame.tsv
PASSED!
*******************************************************************************
Test ame11 ...
ame --verbose 1 --method ranksum --scoring avg --oc results/ame11 --evalue-report-threshold 100 --bgfile --motif-- -motif-pseudo 0 --control common/Klf1-200-100-shuffled.py2.fa common/Klf1-200-100.fa common/Jaspar-subset.meme common/Jaspar-subset2.meme &> log
reference /lustre/bmt-data/genomics/projects/lussana/bpnet_model_training/local/src/meme-5.1.1/tests/ame/ame.ranksum.avg.control.html output results/ame11/ame.html
reference /lustre/bmt-data/genomics/projects/lussana/bpnet_model_training/local/src/meme-5.1.1/tests/ame/ame.ranksum.avg.control.tsv output results/ame11/ame.tsv
PASSED!
*******************************************************************************
Test ame12 ...
ame --verbose 1 --method ranksum --scoring avg --oc results/ame12 --evalue-report-threshold 100 --fix-partition 169 common/Klf1-200-100.combined.nofasta.fa common/Jaspar-subset.meme common/Jaspar-subset2.meme &> log
reference /lustre/bmt-data/genomics/projects/lussana/bpnet_model_training/local/src/meme-5.1.1/tests/ame/ame.ranksum.avg.fix-partition.html output results/ame12/ame.html
reference /lustre/bmt-data/genomics/projects/lussana/bpnet_model_training/local/src/meme-5.1.1/tests/ame/ame.ranksum.avg.fix-partition.tsv output results/ame12/ame.tsv
PASSED!
*******************************************************************************
Test ame13 ...
ame --oc results/ame13 --verbose 1 --xalph common/dna_with_covalent.alph --inc MA00\* --inc MA04\* --exc MA007\* --inc T\* --bgfile common/dna_with_covalent.bg --kmer 1 --control --shuffle-- --motif-pseudo 1 common/dna_with_covalent.fa common/Jaspar-subset.meme common/Jaspar-subset2.meme common/dna_with_covalent.meme &> log
reference /lustre/bmt-data/genomics/projects/lussana/bpnet_model_training/local/src/meme-5.1.1/tests/ame/ame.dna_with_covalent.html output results/ame13/ame.html
reference /lustre/bmt-data/genomics/projects/lussana/bpnet_model_training/local/src/meme-5.1.1/tests/ame/ame.dna_with_covalent.tsv output results/ame13/ame.tsv
reference /lustre/bmt-data/genomics/projects/lussana/bpnet_model_training/local/src/meme-5.1.1/tests/ame/ame.dna_with_covalent.sequences.tsv output results/ame13/sequences.tsv
PASSED!

RUN: centrimo
=============

*******************************************************************************
Test centrimo1 ...
centrimo --verbosity 1 --oc results/centrimo1 --flip --motif-pseudo 1 common/Klf1.fa /lustre/bmt-data/genomics/projects/lussana/bpnet_model_training/local/src/meme-5.1.1/tests/centrimo/dreme-Klf1.xml &> log
reference /lustre/bmt-data/genomics/projects/lussana/bpnet_model_training/local/src/meme-5.1.1/tests/centrimo/seq_bg_site_counts.txt output results/centrimo1/site_counts.txt
reference /lustre/bmt-data/genomics/projects/lussana/bpnet_model_training/local/src/meme-5.1.1/tests/centrimo/seq_bg_centrimo.tsv output results/centrimo1/centrimo.tsv
reference /lustre/bmt-data/genomics/projects/lussana/bpnet_model_training/local/src/meme-5.1.1/tests/centrimo/seq_bg_centrimo.html output results/centrimo1/centrimo.html
PASSED!
*******************************************************************************
Test centrimo2 ...
centrimo --verbosity 1 --oc results/centrimo2 --flip --bfile --motif-- --motif-pseudo 1 common/Klf1.fa /lustre/bmt-data/genomics/projects/lussana/bpnet_model_training/local/src/meme-5.1.1/tests/centrimo/dreme-Klf1.xml &> log
reference /lustre/bmt-data/genomics/projects/lussana/bpnet_model_training/local/src/meme-5.1.1/tests/centrimo/motif_bg_site_counts.txt output results/centrimo2/site_counts.txt
reference /lustre/bmt-data/genomics/projects/lussana/bpnet_model_training/local/src/meme-5.1.1/tests/centrimo/motif_bg_centrimo.tsv output results/centrimo2/centrimo.tsv
reference /lustre/bmt-data/genomics/projects/lussana/bpnet_model_training/local/src/meme-5.1.1/tests/centrimo/motif_bg_centrimo.html output results/centrimo2/centrimo.html
PASSED!
*******************************************************************************
Test centrimo3 ...
centrimo --verbosity 1 --oc results/centrimo3 --flip --bfile --uniform-- --motif-pseudo 1 common/Klf1.fa /lustre/bmt-data/genomics/projects/lussana/bpnet_model_training/local/src/meme-5.1.1/tests/centrimo/dreme-Klf1.xml &> log
reference /lustre/bmt-data/genomics/projects/lussana/bpnet_model_training/local/src/meme-5.1.1/tests/centrimo/uni_bg_site_counts.txt output results/centrimo3/site_counts.txt
reference /lustre/bmt-data/genomics/projects/lussana/bpnet_model_training/local/src/meme-5.1.1/tests/centrimo/uni_bg_centrimo.tsv output results/centrimo3/centrimo.tsv
reference /lustre/bmt-data/genomics/projects/lussana/bpnet_model_training/local/src/meme-5.1.1/tests/centrimo/uni_bg_centrimo.html output results/centrimo3/centrimo.html
PASSED!
*******************************************************************************
Test centrimo4 ...
centrimo --oc results/centrimo4 --verbosity 1 --cd --xalph common/dna_with_covalent.alph --noseq --inc MA00\* --inc MA04\* --exc MA007\* --inc T\* common/dna_with_covalent.fa common/Jaspar-subset.meme common/Jaspar-subset2.meme common/dna_with_covalent.meme &> log
reference /lustre/bmt-data/genomics/projects/lussana/bpnet_model_training/local/src/meme-5.1.1/tests/centrimo/dna_with_covalent_site_counts.txt output results/centrimo4/site_counts.txt
reference /lustre/bmt-data/genomics/projects/lussana/bpnet_model_training/local/src/meme-5.1.1/tests/centrimo/dna_with_covalent_centrimo.tsv output results/centrimo4/centrimo.tsv
reference /lustre/bmt-data/genomics/projects/lussana/bpnet_model_training/local/src/meme-5.1.1/tests/centrimo/dna_with_covalent_centrimo.html output results/centrimo4/centrimo.html
PASSED!
*******************************************************************************
Test centrimo5 ...
centrimo --verbosity 1 --oc results/centrimo5 --neg common/Klf1-200.fa --motif-pseudo 1 common/Klf1.fa common/Jaspar-subset.meme &> log
reference /lustre/bmt-data/genomics/projects/lussana/bpnet_model_training/local/src/meme-5.1.1/tests/centrimo/neg_site_counts.txt output results/centrimo5/site_counts.txt
reference /lustre/bmt-data/genomics/projects/lussana/bpnet_model_training/local/src/meme-5.1.1/tests/centrimo/neg_centrimo.tsv output results/centrimo5/centrimo.tsv
reference /lustre/bmt-data/genomics/projects/lussana/bpnet_model_training/local/src/meme-5.1.1/tests/centrimo/neg_centrimo.html output results/centrimo5/centrimo.html
PASSED!
*******************************************************************************
Test centrimo6 ...
centrimo --verbosity 1 --oc results/centrimo6 --cd -flip --motif-pseudo 1 --ethresh 1e-43 common/Klf1.fa /lustre/bmt-data/genomics/projects/lussana/bpnet_model_training/local/src/meme-5.1.1/tests/centrimo/dreme-Klf1.xml &> log
reference /lustre/bmt-data/genomics/projects/lussana/bpnet_model_training/local/src/meme-5.1.1/tests/centrimo/cd_seq_bg_site_counts.txt output results/centrimo6/site_counts.txt
reference /lustre/bmt-data/genomics/projects/lussana/bpnet_model_training/local/src/meme-5.1.1/tests/centrimo/cd_seq_bg_centrimo.tsv output results/centrimo6/centrimo.tsv
reference /lustre/bmt-data/genomics/projects/lussana/bpnet_model_training/local/src/meme-5.1.1/tests/centrimo/cd_seq_bg_centrimo.html output results/centrimo6/centrimo.html
PASSED!
*******************************************************************************
Test centrimo7 ...
centrimo --verbosity 1 --oc results/centrimo7 --ethresh 0.03 --local --sep --neg common/Klf1-200.fa --motif-pseudo 1 --bfile common/non-uniform.bg common/Klf1.fa common/Jaspar-subset.meme &> log
reference /lustre/bmt-data/genomics/projects/lussana/bpnet_model_training/local/src/meme-5.1.1/tests/centrimo/local_neg_site_counts.txt output results/centrimo7/site_counts.txt
reference /lustre/bmt-data/genomics/projects/lussana/bpnet_model_training/local/src/meme-5.1.1/tests/centrimo/local_neg_centrimo.tsv output results/centrimo7/centrimo.tsv
reference /lustre/bmt-data/genomics/projects/lussana/bpnet_model_training/local/src/meme-5.1.1/tests/centrimo/local_neg_centrimo.html output results/centrimo7/centrimo.html
PASSED!
*******************************************************************************
Test centrimo8 ...
centrimo --verbosity 1 --oc results/centrimo8 --neg common/Klf1-200.fa --use-lo-fraction --motif-pseudo 1 common/Klf1.fa common/Jaspar-subset.meme &> log
reference /lustre/bmt-data/genomics/projects/lussana/bpnet_model_training/local/src/meme-5.1.1/tests/centrimo/neg_lo_site_counts.txt output results/centrimo8/site_counts.txt
reference /lustre/bmt-data/genomics/projects/lussana/bpnet_model_training/local/src/meme-5.1.1/tests/centrimo/neg_lo_centrimo.tsv output results/centrimo8/centrimo.tsv
reference /lustre/bmt-data/genomics/projects/lussana/bpnet_model_training/local/src/meme-5.1.1/tests/centrimo/neg_lo_centrimo.html output results/centrimo8/centrimo.html
PASSED!
*******************************************************************************
Test centrimo9 ...
centrimo --verbosity 1 --oc results/centrimo9 --neg common/Klf1-200.fa --use-pvalues --score 0.1 --motif-pseudo 1 common/Klf1.fa common/Jaspar-subset.meme &> log
reference /lustre/bmt-data/genomics/projects/lussana/bpnet_model_training/local/src/meme-5.1.1/tests/centrimo/neg_pv_site_counts.txt output results/centrimo9/site_counts.txt
reference /lustre/bmt-data/genomics/projects/lussana/bpnet_model_training/local/src/meme-5.1.1/tests/centrimo/neg_pv_centrimo.tsv output results/centrimo9/centrimo.tsv
reference /lustre/bmt-data/genomics/projects/lussana/bpnet_model_training/local/src/meme-5.1.1/tests/centrimo/neg_pv_centrimo.html output results/centrimo9/centrimo.html
PASSED!

RUN: tgene
==========

*******************************************************************************
Test tgene1 ...
tgene -oc results/tgene1 /lustre/bmt-data/genomics/projects/lussana/bpnet_model_training/local/src/meme-5.1.1/tests/tgene/P300.2x.bed /lustre/bmt-data/genomics/projects/lussana/bpnet_model_training/local/src/meme-5.1.1/tests/tgene/gencode.v7.transcripts.chr21.gtf -max-link-distances 500000,1000 -tissues A549,Ag04450,Bj,Gm12878,H1hesc,Helas3,Hepg2,Huvec,K562,Mcf7,Nhek,Sknshra -histone-root /lustre/bmt-data/genomics/projects/lussana/bpnet_model_training/local/src/meme-5.1.1/tests/tgene/Histone -histones H3k27ac,H3k4me3 -rna-source Cage -expression-root /lustre/bmt-data/genomics/projects/lussana/bpnet_model_training/local/src/meme-5.1.1/tests/tgene/Expression -no-closest-locus -desc "Predicted links from P300 binding sites to genes on human chromosome 21" -verbosity 1 &> log
reference /lustre/bmt-data/genomics/projects/lussana/bpnet_model_training/local/src/meme-5.1.1/tests/tgene/p300_links.tsv output results/tgene1/links.tsv
reference /lustre/bmt-data/genomics/projects/lussana/bpnet_model_training/local/src/meme-5.1.1/tests/tgene/p300_tgene.html output results/tgene1/tgene.html
PASSED!
*******************************************************************************
Test tgene2 ...
tgene -oc results/tgene2 /lustre/bmt-data/genomics/projects/lussana/bpnet_model_training/local/src/meme-5.1.1/tests/tgene/P300.2x.bed /lustre/bmt-data/genomics/projects/lussana/bpnet_model_training/local/src/meme-5.1.1/tests/tgene/gencode.v7.transcripts.chr21.gtf -max-link-distances 500000,1000 -tissues A549,Ag04450,Bj,Gm12878,H1hesc,Helas3,Hepg2,Hmec,Hsmm,Huvec,K562,Mcf7,Nhek,Nhlf,Sknshra -histone-root /lustre/bmt-data/genomics/projects/lussana/bpnet_model_training/local/src/meme-5.1.1/tests/tgene/Histone -histones H3k27ac,H3k4me3 -rna-source Cage -expression-root /lustre/bmt-data/genomics/projects/lussana/bpnet_model_training/local/src/meme-5.1.1/tests/tgene/Expression -no-closest-locus -desc "Predicted links from P300 binding sites to genes on human chromosome 21" -verbosity 1 &> log
reference /lustre/bmt-data/genomics/projects/lussana/bpnet_model_training/local/src/meme-5.1.1/tests/tgene/p300_links.tsv output results/tgene2/links.tsv
reference /lustre/bmt-data/genomics/projects/lussana/bpnet_model_training/local/src/meme-5.1.1/tests/tgene/p300_tgene.html output results/tgene2/tgene.html
PASSED!
*******************************************************************************
Test tgene3 ...
tgene -oc results/tgene3 /lustre/bmt-data/genomics/projects/lussana/bpnet_model_training/local/src/meme-5.1.1/tests/tgene/Rxra.bed /lustre/bmt-data/genomics/projects/lussana/bpnet_model_training/local/src/meme-5.1.1/tests/tgene/gencode.v7.transcripts.chr21.gtf -max-link-distances 500000 -tissues A549,Ag04450,Bj,Gm12878,H1hesc,Helas3,Hepg2,Huvec,K562,Mcf7,Nhek,Sknshra -rna-source Cage -histone-root /lustre/bmt-data/genomics/projects/lussana/bpnet_model_training/local/src/meme-5.1.1/tests/tgene/Histone -histones H3k27ac -rna-source Cage -expression-root /lustre/bmt-data/genomics/projects/lussana/bpnet_model_training/local/src/meme-5.1.1/tests/tgene/Expression -no-closest-locus -no-closest-tss -desc "Predicted links from Rxra binding sites to genes on human chromosome 21 using H3k27ac only" -verbosity 1 &> log
reference /lustre/bmt-data/genomics/projects/lussana/bpnet_model_training/local/src/meme-5.1.1/tests/tgene/Rxra_links.tsv output results/tgene3/links.tsv
reference /lustre/bmt-data/genomics/projects/lussana/bpnet_model_training/local/src/meme-5.1.1/tests/tgene/Rxra_tgene.html output results/tgene3/tgene.html
PASSED!
*******************************************************************************
Test tgene4 ...
tgene -oc results/tgene4 /lustre/bmt-data/genomics/projects/lussana/bpnet_model_training/local/src/meme-5.1.1/tests/tgene/P300.2x.bed /lustre/bmt-data/genomics/projects/lussana/bpnet_model_training/local/src/meme-5.1.1/tests/tgene/gencode.v7.transcripts.chr21.gtf -max-link-distances 500000 -no-closest-locus -desc "Predicted links from P300 binding sites to genes on human chromosome 21 w/o tissue panel" -verbosity 3 &> log
The output directory 'results/tgene4' already exists.
Its contents will be overwritten.
Reading locus file /lustre/bmt-data/genomics/projects/lussana/bpnet_model_training/local/src/meme-5.1.1/tests/tgene/P300.2x.bed of putative regulatory elements.
Locus file contains 2676 entries.
Removing duplicate regulatory element locus: chr2:24238393-24238843
Removing duplicate regulatory element locus: chr2:26234842-26235800
Removing duplicate regulatory element locus: chr2:28021919-28022522
Removing duplicate regulatory element locus: chr2:30495973-30496739
Removing duplicate regulatory element locus: chr2:30497388-30498100
Removing duplicate regulatory element locus: chr2:30523453-30524041
Removing duplicate regulatory element locus: chr2:36624947-36625626
Removing duplicate regulatory element locus: chr2:36630749-36631433
Removing duplicate regulatory element locus: chr2:42157922-42158452
Removing duplicate regulatory element locus: chr2:42161576-42162039
Removing duplicate regulatory element locus: chr2:44518282-44519021
Removing duplicate regulatory element locus: chr2:46542394-46542880
Removing duplicate regulatory element locus: chr2:47082241-47082973
Removing duplicate regulatory element locus: chr2:47403669-47404015
Removing duplicate regulatory element locus: chr2:56066257-56066711
Removing duplicate regulatory element locus: chr2:62796997-62797771
Removing duplicate regulatory element locus: chr2:67788483-67789212
Removing duplicate regulatory element locus: chr2:70008432-70009022
Removing duplicate regulatory element locus: chr2:72498879-72499731
Removing duplicate regulatory element locus: chr2:85648412-85648941
Removing duplicate regulatory element locus: chr2:86120898-86121424
Removing duplicate regulatory element locus: chr2:101741305-101741923
Removing duplicate regulatory element locus: chr2:107618754-107619177
Removing duplicate regulatory element locus: chr2:107642130-107642947
Removing duplicate regulatory element locus: chr2:110863416-110864165
Removing duplicate regulatory element locus: chr2:113998401-113998986
Removing duplicate regulatory element locus: chr2:138817689-138818184
Removing duplicate regulatory element locus: chr2:138829744-138830278
Removing duplicate regulatory element locus: chr2:150845919-150846404
Removing duplicate regulatory element locus: chr2:161417979-161418392
Removing duplicate regulatory element locus: chr2:164524016-164524415
Removing duplicate regulatory element locus: chr2:173867800-173868253
Removing duplicate regulatory element locus: chr2:173913553-173914375
Removing duplicate regulatory element locus: chr2:173913553-173914375
Removing duplicate regulatory element locus: chr2:175837020-175837430
Removing duplicate regulatory element locus: chr2:178131050-178131609
Removing duplicate regulatory element locus: chr2:188394738-188395172
Removing duplicate regulatory element locus: chr2:191906420-191907072
Removing duplicate regulatory element locus: chr2:191914596-191915690
Removing duplicate regulatory element locus: chr2:192036269-192036961
Removing duplicate regulatory element locus: chr2:192084034-192084612
Removing duplicate regulatory element locus: chr2:196385234-196385981
Removing duplicate regulatory element locus: chr2:201612764-201613273
Removing duplicate regulatory element locus: chr2:206565205-206565907
Removing duplicate regulatory element locus: chr2:211413613-211414144
Removing duplicate regulatory element locus: chr2:221093351-221093881
Removing duplicate regulatory element locus: chr2:221142110-221142799
Removing duplicate regulatory element locus: chr2:226979756-226980240
Removing duplicate regulatory element locus: chr2:226983143-226984266
Removing duplicate regulatory element locus: chr2:227342723-227343457
Removing duplicate regulatory element locus: chr2:228682786-228683880
Removing duplicate regulatory element locus: chr2:228682786-228683880
Removing duplicate regulatory element locus: chr2:234322151-234322954
Removing duplicate regulatory element locus: chr2:234395504-234396432
Removing duplicate regulatory element locus: chr2:234616587-234617246
Removing duplicate regulatory element locus: chr2:235166835-235167329
Removing duplicate regulatory element locus: chr2:235271524-235272157
Removing duplicate regulatory element locus: chr2:236007458-236007964
Removing duplicate regulatory element locus: chr2:239348080-239348489
Removing duplicate regulatory element locus: chr2:239592945-239594073
Removing duplicate regulatory element locus: chr2:239592945-239594073
Removing duplicate regulatory element locus: chr2:241327024-241327413
Removing duplicate regulatory element locus: chr20:10231398-10232057
Removing duplicate regulatory element locus: chr20:11188384-11189027
Removing duplicate regulatory element locus: chr20:11367729-11368355
Removing duplicate regulatory element locus: chr20:14859629-14860404
Removing duplicate regulatory element locus: chr20:14966617-14967287
Removing duplicate regulatory element locus: chr20:22384503-22385026
Removing duplicate regulatory element locus: chr20:22451133-22451545
Removing duplicate regulatory element locus: chr20:30196049-30196807
Removing duplicate regulatory element locus: chr20:30300411-30300945
Removing duplicate regulatory element locus: chr20:36007148-36007949
Removing duplicate regulatory element locus: chr20:36008692-36009296
Removing duplicate regulatory element locus: chr20:36738281-36738821
Removing duplicate regulatory element locus: chr20:43023107-43023572
Removing duplicate regulatory element locus: chr20:43321557-43322071
Removing duplicate regulatory element locus: chr20:45988851-45989313
Removing duplicate regulatory element locus: chr20:46081864-46082401
Removing duplicate regulatory element locus: chr20:48384723-48385508
Removing duplicate regulatory element locus: chr20:48909048-48909559
Removing duplicate regulatory element locus: chr20:48925055-48925685
Removing duplicate regulatory element locus: chr20:50527130-50527698
Removing duplicate regulatory element locus: chr20:52390198-52390995
Removing duplicate regulatory element locus: chr20:52724015-52724768
Removing duplicate regulatory element locus: chr20:52757372-52758023
Removing duplicate regulatory element locus: chr20:52765423-52766015
Removing duplicate regulatory element locus: chr20:55358835-55359349
Removing duplicate regulatory element locus: chr20:56273258-56273802
Removing duplicate regulatory element locus: chr20:56323549-56324068
Removing duplicate regulatory element locus: chr20:56592236-56593268
Removing duplicate regulatory element locus: chr20:56592236-56593268
Removing duplicate regulatory element locus: chr20:61863466-61864363
Removing duplicate regulatory element locus: chr21:16816380-16817396
Removing duplicate regulatory element locus: chr21:16816380-16817396
Removing duplicate regulatory element locus: chr21:38255995-38256567
Removing duplicate regulatory element locus: chr21:39511717-39512242
Removing duplicate regulatory element locus: chr21:39649445-39650105
Removing duplicate regulatory element locus: chr21:44753165-44753648
Removing duplicate regulatory element locus: chr21:44860419-44861441
Removing duplicate regulatory element locus: chr21:44936643-44937264
Removing duplicate regulatory element locus: chr21:45132033-45132841
Removing duplicate regulatory element locus: chr22:30591744-30593090
Removing duplicate regulatory element locus: chr22:30601360-30602148
Removing duplicate regulatory element locus: chr22:30602889-30603428
Removing duplicate regulatory element locus: chr22:30608414-30608975
Removing duplicate regulatory element locus: chr22:35985167-35985852
Removing duplicate regulatory element locus: chr22:40894380-40894991
Removing duplicate regulatory element locus: chr22:40905605-40906153
Removing duplicate regulatory element locus: chr22:45999977-46000616
Removing duplicate regulatory element locus: chr22:46034673-46035548
Removing duplicate regulatory element locus: chr22:46173094-46173754
Removing duplicate regulatory element locus: chr22:48765760-48766512
Locus table contains 2564 valid entries (112 duplicates removed).
Reading the annotation file '/lustre/bmt-data/genomics/projects/lussana/bpnet_model_training/local/src/meme-5.1.1/tests/tgene/gencode.v7.transcripts.chr21.gtf'.
The annotation file contained 2183 entries.
Creating the transcript table with 2183 entries.
  Removing transcripts for invalid transcript types from the table.
  Transcript table now contains 1600 transcripts (583 removed).
Creating the link table based on distance alone.
  Distance: 500000
  Finding the closest loci to each TSS and creating links.
  Finding the closest TSS(es) to each locus.
  Created 8772 links.
  Computing p-values and q-values for 8772 links
Estimated 8772 Distance p-values.
Converting Distance p-values to q-values.
  Estimating pi_0 from all 8772 observed p-values.
  Estimating pi_0.
Minimal pi_zero = 0.997405
  Estimated pi_0=0.997922
Found 418 links passing the p-value threshold (p-value <= 0.05) out of 8772 links (4.77%).
Program ends correctly.
reference /lustre/bmt-data/genomics/projects/lussana/bpnet_model_training/local/src/meme-5.1.1/tests/tgene/p300_no_panel_links.tsv output results/tgene4/links.tsv
reference /lustre/bmt-data/genomics/projects/lussana/bpnet_model_training/local/src/meme-5.1.1/tests/tgene/p300_no_panel_tgene.html output results/tgene4/tgene.html
PASSED!

RUN: create_priors
==================

*******************************************************************************
Test create-priors1 ...
create-priors -oc results/create-priors1 /lustre/bmt-data/genomics/projects/lussana/bpnet_model_training/local/src/meme-5.1.1/tests/create-priors/chrX.fa /lustre/bmt-data/genomics/projects/lussana/bpnet_model_training/local/src/meme-5.1.1/tests/create-priors/DNaseHS_gm12878.wig &> log
Creating priors with alpha=1.0 and beta=10000
Sequence size is 3000000 bases.
Scores were observed for 4140 bases.
Minimum score is 1
Median score is 1
Maximum score is 3.97638
Sum of scores is 7156.07
Sum of un-normalized priors is 762695
Sum of normalized priors = 10000
Sum of prior distribution = 1
reference /lustre/bmt-data/genomics/projects/lussana/bpnet_model_training/local/src/meme-5.1.1/tests/create-priors/priors.wig output results/create-priors1/priors.wig
PASSED!
*******************************************************************************
Test create-priors2 ...
create-priors -oc results/create-priors2 /lustre/bmt-data/genomics/projects/lussana/bpnet_model_training/local/src/meme-5.1.1/tests/create-priors/chrX.fa /lustre/bmt-data/genomics/projects/lussana/bpnet_model_training/local/src/meme-5.1.1/tests/create-priors/DNaseHS_gm12878.wig &> log
Creating priors with alpha=1.0 and beta=10000
Sequence size is 3000000 bases.
Scores were observed for 4140 bases.
Minimum score is 1
Median score is 1
Maximum score is 3.97638
Sum of scores is 7156.07
Sum of un-normalized priors is 762695
Sum of normalized priors = 10000
Sum of prior distribution = 1
reference /lustre/bmt-data/genomics/projects/lussana/bpnet_model_training/local/src/meme-5.1.1/tests/create-priors/priors.dist output results/create-priors2/priors.dist
PASSED!

RUN: dreme
==========

*******************************************************************************
Test dreme1 ...
dreme -oc results/dreme1 -verbosity 1 -p common/Klf1-200-100.fa -n common/Klf1-200-100-shuffled.py2.fa &> log
Can't locate XML/Parser/Expat.pm in @INC (@INC contains: /lustre/bmt-data/genomics/projects/lussana/bpnet_model_training/local/src/meme-5.1.1/scripts /usr/local/lib64/perl5 /usr/local/share/perl5 /usr/lib64/perl5/vendor_perl /usr/share/perl5/vendor_perl /usr/lib64/perl5 /usr/share/perl5 .) at /lustre/bmt-data/genomics/projects/lussana/bpnet_model_training/local/src/meme-5.1.1/scripts/dreme_xml_to_html line 21.
BEGIN failed--compilation aborted at /lustre/bmt-data/genomics/projects/lussana/bpnet_model_training/local/src/meme-5.1.1/scripts/dreme_xml_to_html line 21.
Can't locate XML/Parser/Expat.pm in @INC (@INC contains: /lustre/bmt-data/genomics/projects/lussana/bpnet_model_training/local/src/meme-5.1.1/scripts /usr/local/lib64/perl5 /usr/local/share/perl5 /usr/lib64/perl5/vendor_perl /usr/share/perl5/vendor_perl /usr/lib64/perl5 /usr/share/perl5 .) at /lustre/bmt-data/genomics/projects/lussana/bpnet_model_training/local/src/meme-5.1.1/scripts/dreme_xml_to_txt line 21.
BEGIN failed--compilation aborted at /lustre/bmt-data/genomics/projects/lussana/bpnet_model_training/local/src/meme-5.1.1/scripts/dreme_xml_to_txt line 21.
Failed to create HTML file.
Failed to create text file.
PASSED!
*******************************************************************************
Test dreme2 ...
dreme -norc -oc results/dreme2 -verbosity 1 -p common/Klf1-200-100.fa -n common/Klf1-200-100-shuffled.py2.fa &> log
Can't locate XML/Parser/Expat.pm in @INC (@INC contains: /lustre/bmt-data/genomics/projects/lussana/bpnet_model_training/local/src/meme-5.1.1/scripts /usr/local/lib64/perl5 /usr/local/share/perl5 /usr/lib64/perl5/vendor_perl /usr/share/perl5/vendor_perl /usr/lib64/perl5 /usr/share/perl5 .) at /lustre/bmt-data/genomics/projects/lussana/bpnet_model_training/local/src/meme-5.1.1/scripts/dreme_xml_to_html line 21.
BEGIN failed--compilation aborted at /lustre/bmt-data/genomics/projects/lussana/bpnet_model_training/local/src/meme-5.1.1/scripts/dreme_xml_to_html line 21.
Can't locate XML/Parser/Expat.pm in @INC (@INC contains: /lustre/bmt-data/genomics/projects/lussana/bpnet_model_training/local/src/meme-5.1.1/scripts /usr/local/lib64/perl5 /usr/local/share/perl5 /usr/lib64/perl5/vendor_perl /usr/share/perl5/vendor_perl /usr/lib64/perl5 /usr/share/perl5 .) at /lustre/bmt-data/genomics/projects/lussana/bpnet_model_training/local/src/meme-5.1.1/scripts/dreme_xml_to_txt line 21.
BEGIN failed--compilation aborted at /lustre/bmt-data/genomics/projects/lussana/bpnet_model_training/local/src/meme-5.1.1/scripts/dreme_xml_to_txt line 21.
Failed to create HTML file.
Failed to create text file.
PASSED!
*******************************************************************************
Test dreme3 ...
dreme -oc results/dreme3 -verbosity 1 -p common/Klf1-200-100.fa -n common/Klf1-200-100-shuffled.py2.fa &> log
Can't locate XML/Parser/Expat.pm in @INC (@INC contains: /lustre/bmt-data/genomics/projects/lussana/bpnet_model_training/local/src/meme-5.1.1/scripts /usr/local/lib64/perl5 /usr/local/share/perl5 /usr/lib64/perl5/vendor_perl /usr/share/perl5/vendor_perl /usr/lib64/perl5 /usr/share/perl5 .) at /lustre/bmt-data/genomics/projects/lussana/bpnet_model_training/local/src/meme-5.1.1/scripts/dreme_xml_to_html line 21.
BEGIN failed--compilation aborted at /lustre/bmt-data/genomics/projects/lussana/bpnet_model_training/local/src/meme-5.1.1/scripts/dreme_xml_to_html line 21.
Can't locate XML/Parser/Expat.pm in @INC (@INC contains: /lustre/bmt-data/genomics/projects/lussana/bpnet_model_training/local/src/meme-5.1.1/scripts /usr/local/lib64/perl5 /usr/local/share/perl5 /usr/lib64/perl5/vendor_perl /usr/share/perl5/vendor_perl /usr/lib64/perl5 /usr/share/perl5 .) at /lustre/bmt-data/genomics/projects/lussana/bpnet_model_training/local/src/meme-5.1.1/scripts/dreme_xml_to_txt line 21.
BEGIN failed--compilation aborted at /lustre/bmt-data/genomics/projects/lussana/bpnet_model_training/local/src/meme-5.1.1/scripts/dreme_xml_to_txt line 21.
Failed to create HTML file.
Failed to create text file.
PASSED!
*******************************************************************************
Test dreme4 ...
dreme -norc -oc results/dreme4 -verbosity 1 -p common/Klf1-200-100.fa -n common/Klf1-200-100-shuffled.py2.fa &> log
Can't locate XML/Parser/Expat.pm in @INC (@INC contains: /lustre/bmt-data/genomics/projects/lussana/bpnet_model_training/local/src/meme-5.1.1/scripts /usr/local/lib64/perl5 /usr/local/share/perl5 /usr/lib64/perl5/vendor_perl /usr/share/perl5/vendor_perl /usr/lib64/perl5 /usr/share/perl5 .) at /lustre/bmt-data/genomics/projects/lussana/bpnet_model_training/local/src/meme-5.1.1/scripts/dreme_xml_to_html line 21.
BEGIN failed--compilation aborted at /lustre/bmt-data/genomics/projects/lussana/bpnet_model_training/local/src/meme-5.1.1/scripts/dreme_xml_to_html line 21.
Can't locate XML/Parser/Expat.pm in @INC (@INC contains: /lustre/bmt-data/genomics/projects/lussana/bpnet_model_training/local/src/meme-5.1.1/scripts /usr/local/lib64/perl5 /usr/local/share/perl5 /usr/lib64/perl5/vendor_perl /usr/share/perl5/vendor_perl /usr/lib64/perl5 /usr/share/perl5 .) at /lustre/bmt-data/genomics/projects/lussana/bpnet_model_training/local/src/meme-5.1.1/scripts/dreme_xml_to_txt line 21.
BEGIN failed--compilation aborted at /lustre/bmt-data/genomics/projects/lussana/bpnet_model_training/local/src/meme-5.1.1/scripts/dreme_xml_to_txt line 21.
Failed to create HTML file.
Failed to create text file.
PASSED!

RUN: fasta-center
=================

*******************************************************************************
Test fasta-center1 ...
fasta-center -len 100 -dna < common/Klf1-200.fa 1> results/fasta-center1/fasta-center_6jRaE_stdout 2> log
reference common/Klf1-200-100.no_fasta.fa output results/fasta-center1/fasta-center_6jRaE_stdout
PASSED!

RUN: fasta-dinucleotide-shuffle
===============================

*******************************************************************************
Test fasta-dinucleotide-shuffle1 ...
fasta-dinucleotide-shuffle -f common/Klf1-200-100.fa -t -dinuc 1> results/fasta-dinucleotide-shuffle1/fasta-dinucleotide-shuffle_roYJI_stdout 2> log
reference common/Klf1-200-100-shuffled.fa output results/fasta-dinucleotide-shuffle1/fasta-dinucleotide-shuffle_roYJI_stdout
PASSED!

RUN: fimo
=========

*******************************************************************************
Test fimo1 ...
fimo --oc results/fimo1 --motif-pseudo 0.01 /lustre/bmt-data/genomics/projects/lussana/bpnet_model_training/local/src/meme-5.1.1/tests/fimo/MCM1.meme.html /lustre/bmt-data/genomics/projects/lussana/bpnet_model_training/local/src/meme-5.1.1/tests/fimo/spiked.fasta &> log
Using motif +TTTCCYDWTTBGGAAATW of width 18.
Using motif -TTTCCYDWTTBGGAAATW of width 18.
Computing q-values.
  Estimating pi_0 from a uniformly sampled set of 5298 p-values.
  Estimating pi_0.
  Estimated pi_0=0.799106
reference /lustre/bmt-data/genomics/projects/lussana/bpnet_model_training/local/src/meme-5.1.1/tests/fimo/fimo.tsv output results/fimo1/fimo.tsv
PASSED!
*******************************************************************************
Test fimo2 ...
fimo --oc results/fimo2 --motif CGGYGGGG --motif GCATCRGRBSAGA --no-qvalue --thresh 0.01 common/crp0.meme.xml /lustre/bmt-data/genomics/projects/lussana/bpnet_model_training/local/src/meme-5.1.1/tests/motiph/spiked.fasta &> log
Skipping motif +TKTGANCNABNTCACAHWT.
Skipping motif -TKTGANCNABNTCACAHWT.
Using motif +CGGYGGGG of width 8.
Using motif -CGGYGGGG of width 8.
Using motif +GCATCRGRBSAGA of width 13.
Using motif -GCATCRGRBSAGA of width 13.
reference /lustre/bmt-data/genomics/projects/lussana/bpnet_model_training/local/src/meme-5.1.1/tests/fimo/fimo-motif23.tsv output results/fimo2/fimo.tsv
PASSED!
*******************************************************************************
Test fimo3 ...
fimo --oc results/fimo3 --psp /lustre/bmt-data/genomics/projects/lussana/bpnet_model_training/local/src/meme-5.1.1/tests/fimo/GCN4_YPD.psp --prior-dist /lustre/bmt-data/genomics/projects/lussana/bpnet_model_training/local/src/meme-5.1.1/tests/fimo/prior.dist.txt /lustre/bmt-data/genomics/projects/lussana/bpnet_model_training/local/src/meme-5.1.1/tests/fimo/GCN4.meme.txt /lustre/bmt-data/genomics/projects/lussana/bpnet_model_training/local/src/meme-5.1.1/tests/fimo/GCN4_YPD.fasta &> log
Using motif +MA0303.1 of width 21.
Using motif -MA0303.1 of width 21.
Computing q-values.
  Estimating pi_0 from a uniformly sampled set of 10000 p-values.
  Estimating pi_0.
  Estimated pi_0=1
reference /lustre/bmt-data/genomics/projects/lussana/bpnet_model_training/local/src/meme-5.1.1/tests/fimo/fimo-priors.tsv output results/fimo3/fimo.tsv
PASSED!
*******************************************************************************
Test fimo4 ...
fimo --oc results/fimo4 --parse-genomic-coord --psp /lustre/bmt-data/genomics/projects/lussana/bpnet_model_training/local/src/meme-5.1.1/tests/fimo/GCN4_YPD-genomic.psp --prior-dist /lustre/bmt-data/genomics/projects/lussana/bpnet_model_training/local/src/meme-5.1.1/tests/fimo/prior.dist.txt /lustre/bmt-data/genomics/projects/lussana/bpnet_model_training/local/src/meme-5.1.1/tests/fimo/GCN4.meme.txt /lustre/bmt-data/genomics/projects/lussana/bpnet_model_training/local/src/meme-5.1.1/tests/fimo/GCN4_YPD-genomic.fasta &> log
Using motif +MA0303.1 of width 21.
Using motif -MA0303.1 of width 21.
Computing q-values.
  Estimating pi_0 from a uniformly sampled set of 10000 p-values.
  Estimating pi_0.
  Estimated pi_0=1
reference /lustre/bmt-data/genomics/projects/lussana/bpnet_model_training/local/src/meme-5.1.1/tests/fimo/fimo-priors-genomic.tsv output results/fimo4/fimo.tsv
PASSED!

RUN: glam2
==========

*******************************************************************************
Test glam2_1 ...
glam2 -M -r 3 -n 100 -O results/glam2_1 p common/At.s &> log
The output directory 'results/glam2_1' already exists.
Its contents will be overwritten.
Run 1... 406 iterations
Run 2... 445 iterations
Run 3... 400 iterations

reference /lustre/bmt-data/genomics/projects/lussana/bpnet_model_training/local/src/meme-5.1.1/tests/glam2/glam2.txt output results/glam2_1/glam2.txt
PASSED!

RUN: glam2scan
==============

*******************************************************************************
Test glam2scan1 ...
glam2scan -O results/glam2scan1 p /lustre/bmt-data/genomics/projects/lussana/bpnet_model_training/local/src/meme-5.1.1/tests/glam2/glam2.txt common/At.s &> log
The output directory 'results/glam2scan1' already exists.
Its contents will be overwritten.
reference /lustre/bmt-data/genomics/projects/lussana/bpnet_model_training/local/src/meme-5.1.1/tests/glam2scan/glam2scan.txt output results/glam2scan1/glam2scan.txt
PASSED!

RUN: gomo
=========

*******************************************************************************
Test gomo1 ...
gomo --seed 1 --nostatus --verbosity 1 --oc results/gomo1 --motifs /lustre/bmt-data/genomics/projects/lussana/bpnet_model_training/local/src/meme-5.1.1/tests/gomo/motif.meme.txt /lustre/bmt-data/genomics/projects/lussana/bpnet_model_training/local/src/meme-5.1.1/tests/gomo/GO2Gene.map.csv /lustre/bmt-data/genomics/projects/lussana/bpnet_model_training/local/src/meme-5.1.1/tests/gomo/ama.nozscoring.xml &> log
reference /lustre/bmt-data/genomics/projects/lussana/bpnet_model_training/local/src/meme-5.1.1/tests/gomo/gomo.smallthreshold.tsv output results/gomo1/gomo.tsv
PASSED!
*******************************************************************************
Test gomo2 ...
gomo --gs --seed 1 --nostatus --verbosity 1 --oc results/gomo2 --motifs /lustre/bmt-data/genomics/projects/lussana/bpnet_model_training/local/src/meme-5.1.1/tests/gomo/motif.meme.txt /lustre/bmt-data/genomics/projects/lussana/bpnet_model_training/local/src/meme-5.1.1/tests/gomo/GO2Gene.map.csv /lustre/bmt-data/genomics/projects/lussana/bpnet_model_training/local/src/meme-5.1.1/tests/gomo/ama.zscoring.xml /lustre/bmt-data/genomics/projects/lussana/bpnet_model_training/local/src/meme-5.1.1/tests/gomo/ama.nozscoring.xml &> log
reference /lustre/bmt-data/genomics/projects/lussana/bpnet_model_training/local/src/meme-5.1.1/tests/gomo/gomo.multipleSpecies.tsv output results/gomo2/gomo.tsv
PASSED!

RUN: mast
=========

*******************************************************************************
Test mast1 ...
mast /lustre/bmt-data/genomics/projects/lussana/bpnet_model_training/local/src/meme-5.1.1/tests/meme/meme.crp0.classic.oops.txt common/crp0.s -oc results/mast1 -nostatus &> log
Can't locate XML/Parser/Expat.pm in @INC (@INC contains: /lustre/bmt-data/genomics/projects/lussana/bpnet_model_training/local/src/meme-5.1.1/scripts /usr/local/lib64/perl5 /usr/local/share/perl5 /usr/lib64/perl5/vendor_perl /usr/share/perl5/vendor_perl /usr/lib64/perl5 /usr/share/perl5 .) at /lustre/bmt-data/genomics/projects/lussana/bpnet_model_training/local/src/meme-5.1.1/scripts/mast_xml_to_html line 22.
BEGIN failed--compilation aborted at /lustre/bmt-data/genomics/projects/lussana/bpnet_model_training/local/src/meme-5.1.1/scripts/mast_xml_to_html line 22.
Warning: mast_xml_to_html exited abnormally and may have failed to create HTML output.
Can't locate XML/Parser/Expat.pm in @INC (@INC contains: /lustre/bmt-data/genomics/projects/lussana/bpnet_model_training/local/src/meme-5.1.1/scripts /usr/local/lib64/perl5 /usr/local/share/perl5 /usr/lib64/perl5/vendor_perl /usr/share/perl5/vendor_perl /usr/lib64/perl5 /usr/share/perl5 .) at /lustre/bmt-data/genomics/projects/lussana/bpnet_model_training/local/src/meme-5.1.1/scripts/mast_xml_to_txt line 26.
BEGIN failed--compilation aborted at /lustre/bmt-data/genomics/projects/lussana/bpnet_model_training/local/src/meme-5.1.1/scripts/mast_xml_to_txt line 26.
Warning: mast_xml_to_txt exited abnormally and may have failed to create text output.
PASSED!
*******************************************************************************
Test mast2 ...
mast /lustre/bmt-data/genomics/projects/lussana/bpnet_model_training/local/src/meme-5.1.1/tests/meme/meme.crp0.classic.zoops.xml common/crp0.s -oc results/mast2 -nostatus &> log
Can't locate XML/Parser/Expat.pm in @INC (@INC contains: /lustre/bmt-data/genomics/projects/lussana/bpnet_model_training/local/src/meme-5.1.1/scripts /usr/local/lib64/perl5 /usr/local/share/perl5 /usr/lib64/perl5/vendor_perl /usr/share/perl5/vendor_perl /usr/lib64/perl5 /usr/share/perl5 .) at /lustre/bmt-data/genomics/projects/lussana/bpnet_model_training/local/src/meme-5.1.1/scripts/mast_xml_to_html line 22.
BEGIN failed--compilation aborted at /lustre/bmt-data/genomics/projects/lussana/bpnet_model_training/local/src/meme-5.1.1/scripts/mast_xml_to_html line 22.
Warning: mast_xml_to_html exited abnormally and may have failed to create HTML output.
Can't locate XML/Parser/Expat.pm in @INC (@INC contains: /lustre/bmt-data/genomics/projects/lussana/bpnet_model_training/local/src/meme-5.1.1/scripts /usr/local/lib64/perl5 /usr/local/share/perl5 /usr/lib64/perl5/vendor_perl /usr/share/perl5/vendor_perl /usr/lib64/perl5 /usr/share/perl5 .) at /lustre/bmt-data/genomics/projects/lussana/bpnet_model_training/local/src/meme-5.1.1/scripts/mast_xml_to_txt line 26.
BEGIN failed--compilation aborted at /lustre/bmt-data/genomics/projects/lussana/bpnet_model_training/local/src/meme-5.1.1/scripts/mast_xml_to_txt line 26.
Warning: mast_xml_to_txt exited abnormally and may have failed to create text output.
PASSED!
*******************************************************************************
Test mast3 ...
mast /lustre/bmt-data/genomics/projects/lussana/bpnet_model_training/local/src/meme-5.1.1/tests/meme/meme.crp0.classic.anr.html common/crp0.s -oc results/mast3 -nostatus &> log
Can't locate XML/Parser/Expat.pm in @INC (@INC contains: /lustre/bmt-data/genomics/projects/lussana/bpnet_model_training/local/src/meme-5.1.1/scripts /usr/local/lib64/perl5 /usr/local/share/perl5 /usr/lib64/perl5/vendor_perl /usr/share/perl5/vendor_perl /usr/lib64/perl5 /usr/share/perl5 .) at /lustre/bmt-data/genomics/projects/lussana/bpnet_model_training/local/src/meme-5.1.1/scripts/mast_xml_to_html line 22.
BEGIN failed--compilation aborted at /lustre/bmt-data/genomics/projects/lussana/bpnet_model_training/local/src/meme-5.1.1/scripts/mast_xml_to_html line 22.
Warning: mast_xml_to_html exited abnormally and may have failed to create HTML output.
Can't locate XML/Parser/Expat.pm in @INC (@INC contains: /lustre/bmt-data/genomics/projects/lussana/bpnet_model_training/local/src/meme-5.1.1/scripts /usr/local/lib64/perl5 /usr/local/share/perl5 /usr/lib64/perl5/vendor_perl /usr/share/perl5/vendor_perl /usr/lib64/perl5 /usr/share/perl5 .) at /lustre/bmt-data/genomics/projects/lussana/bpnet_model_training/local/src/meme-5.1.1/scripts/mast_xml_to_txt line 26.
BEGIN failed--compilation aborted at /lustre/bmt-data/genomics/projects/lussana/bpnet_model_training/local/src/meme-5.1.1/scripts/mast_xml_to_txt line 26.
Warning: mast_xml_to_txt exited abnormally and may have failed to create text output.
PASSED!
*******************************************************************************
Test mast4 ...
mast /lustre/bmt-data/genomics/projects/lussana/bpnet_model_training/local/src/meme-5.1.1/tests/meme/meme.INO_up800.classic.oops.txt common/INO_up800.s -oc results/mast4 -nostatus &> log
Can't locate XML/Parser/Expat.pm in @INC (@INC contains: /lustre/bmt-data/genomics/projects/lussana/bpnet_model_training/local/src/meme-5.1.1/scripts /usr/local/lib64/perl5 /usr/local/share/perl5 /usr/lib64/perl5/vendor_perl /usr/share/perl5/vendor_perl /usr/lib64/perl5 /usr/share/perl5 .) at /lustre/bmt-data/genomics/projects/lussana/bpnet_model_training/local/src/meme-5.1.1/scripts/mast_xml_to_html line 22.
BEGIN failed--compilation aborted at /lustre/bmt-data/genomics/projects/lussana/bpnet_model_training/local/src/meme-5.1.1/scripts/mast_xml_to_html line 22.
Warning: mast_xml_to_html exited abnormally and may have failed to create HTML output.
Can't locate XML/Parser/Expat.pm in @INC (@INC contains: /lustre/bmt-data/genomics/projects/lussana/bpnet_model_training/local/src/meme-5.1.1/scripts /usr/local/lib64/perl5 /usr/local/share/perl5 /usr/lib64/perl5/vendor_perl /usr/share/perl5/vendor_perl /usr/lib64/perl5 /usr/share/perl5 .) at /lustre/bmt-data/genomics/projects/lussana/bpnet_model_training/local/src/meme-5.1.1/scripts/mast_xml_to_txt line 26.
BEGIN failed--compilation aborted at /lustre/bmt-data/genomics/projects/lussana/bpnet_model_training/local/src/meme-5.1.1/scripts/mast_xml_to_txt line 26.
Warning: mast_xml_to_txt exited abnormally and may have failed to create text output.
PASSED!
*******************************************************************************
Test mast5 ...
mast /lustre/bmt-data/genomics/projects/lussana/bpnet_model_training/local/src/meme-5.1.1/tests/meme/meme.INO_up800.classic.zoops.xml common/INO_up800.s -oc results/mast5 -nostatus &> log
Can't locate XML/Parser/Expat.pm in @INC (@INC contains: /lustre/bmt-data/genomics/projects/lussana/bpnet_model_training/local/src/meme-5.1.1/scripts /usr/local/lib64/perl5 /usr/local/share/perl5 /usr/lib64/perl5/vendor_perl /usr/share/perl5/vendor_perl /usr/lib64/perl5 /usr/share/perl5 .) at /lustre/bmt-data/genomics/projects/lussana/bpnet_model_training/local/src/meme-5.1.1/scripts/mast_xml_to_html line 22.
BEGIN failed--compilation aborted at /lustre/bmt-data/genomics/projects/lussana/bpnet_model_training/local/src/meme-5.1.1/scripts/mast_xml_to_html line 22.
Warning: mast_xml_to_html exited abnormally and may have failed to create HTML output.
Can't locate XML/Parser/Expat.pm in @INC (@INC contains: /lustre/bmt-data/genomics/projects/lussana/bpnet_model_training/local/src/meme-5.1.1/scripts /usr/local/lib64/perl5 /usr/local/share/perl5 /usr/lib64/perl5/vendor_perl /usr/share/perl5/vendor_perl /usr/lib64/perl5 /usr/share/perl5 .) at /lustre/bmt-data/genomics/projects/lussana/bpnet_model_training/local/src/meme-5.1.1/scripts/mast_xml_to_txt line 26.
BEGIN failed--compilation aborted at /lustre/bmt-data/genomics/projects/lussana/bpnet_model_training/local/src/meme-5.1.1/scripts/mast_xml_to_txt line 26.
Warning: mast_xml_to_txt exited abnormally and may have failed to create text output.
PASSED!
*******************************************************************************
Test mast6 ...
mast /lustre/bmt-data/genomics/projects/lussana/bpnet_model_training/local/src/meme-5.1.1/tests/meme/meme.INO_up800.classic.anr.html common/INO_up800.s -oc results/mast6 -nostatus &> log
Can't locate XML/Parser/Expat.pm in @INC (@INC contains: /lustre/bmt-data/genomics/projects/lussana/bpnet_model_training/local/src/meme-5.1.1/scripts /usr/local/lib64/perl5 /usr/local/share/perl5 /usr/lib64/perl5/vendor_perl /usr/share/perl5/vendor_perl /usr/lib64/perl5 /usr/share/perl5 .) at /lustre/bmt-data/genomics/projects/lussana/bpnet_model_training/local/src/meme-5.1.1/scripts/mast_xml_to_html line 22.
BEGIN failed--compilation aborted at /lustre/bmt-data/genomics/projects/lussana/bpnet_model_training/local/src/meme-5.1.1/scripts/mast_xml_to_html line 22.
Warning: mast_xml_to_html exited abnormally and may have failed to create HTML output.
Can't locate XML/Parser/Expat.pm in @INC (@INC contains: /lustre/bmt-data/genomics/projects/lussana/bpnet_model_training/local/src/meme-5.1.1/scripts /usr/local/lib64/perl5 /usr/local/share/perl5 /usr/lib64/perl5/vendor_perl /usr/share/perl5/vendor_perl /usr/lib64/perl5 /usr/share/perl5 .) at /lustre/bmt-data/genomics/projects/lussana/bpnet_model_training/local/src/meme-5.1.1/scripts/mast_xml_to_txt line 26.
BEGIN failed--compilation aborted at /lustre/bmt-data/genomics/projects/lussana/bpnet_model_training/local/src/meme-5.1.1/scripts/mast_xml_to_txt line 26.
Warning: mast_xml_to_txt exited abnormally and may have failed to create text output.
PASSED!
*******************************************************************************
Test mast7 ...
mast /lustre/bmt-data/genomics/projects/lussana/bpnet_model_training/local/src/meme-5.1.1/tests/meme/meme.farntrans5.classic.oops.txt common/farntrans5.s -oc results/mast7 -nostatus &> log
Can't locate XML/Parser/Expat.pm in @INC (@INC contains: /lustre/bmt-data/genomics/projects/lussana/bpnet_model_training/local/src/meme-5.1.1/scripts /usr/local/lib64/perl5 /usr/local/share/perl5 /usr/lib64/perl5/vendor_perl /usr/share/perl5/vendor_perl /usr/lib64/perl5 /usr/share/perl5 .) at /lustre/bmt-data/genomics/projects/lussana/bpnet_model_training/local/src/meme-5.1.1/scripts/mast_xml_to_html line 22.
BEGIN failed--compilation aborted at /lustre/bmt-data/genomics/projects/lussana/bpnet_model_training/local/src/meme-5.1.1/scripts/mast_xml_to_html line 22.
Warning: mast_xml_to_html exited abnormally and may have failed to create HTML output.
Can't locate XML/Parser/Expat.pm in @INC (@INC contains: /lustre/bmt-data/genomics/projects/lussana/bpnet_model_training/local/src/meme-5.1.1/scripts /usr/local/lib64/perl5 /usr/local/share/perl5 /usr/lib64/perl5/vendor_perl /usr/share/perl5/vendor_perl /usr/lib64/perl5 /usr/share/perl5 .) at /lustre/bmt-data/genomics/projects/lussana/bpnet_model_training/local/src/meme-5.1.1/scripts/mast_xml_to_txt line 26.
BEGIN failed--compilation aborted at /lustre/bmt-data/genomics/projects/lussana/bpnet_model_training/local/src/meme-5.1.1/scripts/mast_xml_to_txt line 26.
Warning: mast_xml_to_txt exited abnormally and may have failed to create text output.
PASSED!
*******************************************************************************
Test mast8 ...
mast /lustre/bmt-data/genomics/projects/lussana/bpnet_model_training/local/src/meme-5.1.1/tests/meme/meme.farntrans5.classic.zoops.xml common/farntrans5.s -oc results/mast8 -nostatus &> log
Can't locate XML/Parser/Expat.pm in @INC (@INC contains: /lustre/bmt-data/genomics/projects/lussana/bpnet_model_training/local/src/meme-5.1.1/scripts /usr/local/lib64/perl5 /usr/local/share/perl5 /usr/lib64/perl5/vendor_perl /usr/share/perl5/vendor_perl /usr/lib64/perl5 /usr/share/perl5 .) at /lustre/bmt-data/genomics/projects/lussana/bpnet_model_training/local/src/meme-5.1.1/scripts/mast_xml_to_html line 22.
BEGIN failed--compilation aborted at /lustre/bmt-data/genomics/projects/lussana/bpnet_model_training/local/src/meme-5.1.1/scripts/mast_xml_to_html line 22.
Warning: mast_xml_to_html exited abnormally and may have failed to create HTML output.
Can't locate XML/Parser/Expat.pm in @INC (@INC contains: /lustre/bmt-data/genomics/projects/lussana/bpnet_model_training/local/src/meme-5.1.1/scripts /usr/local/lib64/perl5 /usr/local/share/perl5 /usr/lib64/perl5/vendor_perl /usr/share/perl5/vendor_perl /usr/lib64/perl5 /usr/share/perl5 .) at /lustre/bmt-data/genomics/projects/lussana/bpnet_model_training/local/src/meme-5.1.1/scripts/mast_xml_to_txt line 26.
BEGIN failed--compilation aborted at /lustre/bmt-data/genomics/projects/lussana/bpnet_model_training/local/src/meme-5.1.1/scripts/mast_xml_to_txt line 26.
Warning: mast_xml_to_txt exited abnormally and may have failed to create text output.
PASSED!
*******************************************************************************
Test mast9 ...
mast /lustre/bmt-data/genomics/projects/lussana/bpnet_model_training/local/src/meme-5.1.1/tests/meme/meme.farntrans5.classic.anr.html common/farntrans5.s -oc results/mast9 -nostatus &> log
Can't locate XML/Parser/Expat.pm in @INC (@INC contains: /lustre/bmt-data/genomics/projects/lussana/bpnet_model_training/local/src/meme-5.1.1/scripts /usr/local/lib64/perl5 /usr/local/share/perl5 /usr/lib64/perl5/vendor_perl /usr/share/perl5/vendor_perl /usr/lib64/perl5 /usr/share/perl5 .) at /lustre/bmt-data/genomics/projects/lussana/bpnet_model_training/local/src/meme-5.1.1/scripts/mast_xml_to_html line 22.
BEGIN failed--compilation aborted at /lustre/bmt-data/genomics/projects/lussana/bpnet_model_training/local/src/meme-5.1.1/scripts/mast_xml_to_html line 22.
Warning: mast_xml_to_html exited abnormally and may have failed to create HTML output.
Can't locate XML/Parser/Expat.pm in @INC (@INC contains: /lustre/bmt-data/genomics/projects/lussana/bpnet_model_training/local/src/meme-5.1.1/scripts /usr/local/lib64/perl5 /usr/local/share/perl5 /usr/lib64/perl5/vendor_perl /usr/share/perl5/vendor_perl /usr/lib64/perl5 /usr/share/perl5 .) at /lustre/bmt-data/genomics/projects/lussana/bpnet_model_training/local/src/meme-5.1.1/scripts/mast_xml_to_txt line 26.
BEGIN failed--compilation aborted at /lustre/bmt-data/genomics/projects/lussana/bpnet_model_training/local/src/meme-5.1.1/scripts/mast_xml_to_txt line 26.
Warning: mast_xml_to_txt exited abnormally and may have failed to create text output.
PASSED!
*******************************************************************************
Test mast10 ...
mast /lustre/bmt-data/genomics/projects/lussana/bpnet_model_training/local/src/meme-5.1.1/tests/meme/meme.lipocalin.classic.oops.txt common/lipocalin.s -oc results/mast10 -nostatus &> log
Can't locate XML/Parser/Expat.pm in @INC (@INC contains: /lustre/bmt-data/genomics/projects/lussana/bpnet_model_training/local/src/meme-5.1.1/scripts /usr/local/lib64/perl5 /usr/local/share/perl5 /usr/lib64/perl5/vendor_perl /usr/share/perl5/vendor_perl /usr/lib64/perl5 /usr/share/perl5 .) at /lustre/bmt-data/genomics/projects/lussana/bpnet_model_training/local/src/meme-5.1.1/scripts/mast_xml_to_html line 22.
BEGIN failed--compilation aborted at /lustre/bmt-data/genomics/projects/lussana/bpnet_model_training/local/src/meme-5.1.1/scripts/mast_xml_to_html line 22.
Warning: mast_xml_to_html exited abnormally and may have failed to create HTML output.
Can't locate XML/Parser/Expat.pm in @INC (@INC contains: /lustre/bmt-data/genomics/projects/lussana/bpnet_model_training/local/src/meme-5.1.1/scripts /usr/local/lib64/perl5 /usr/local/share/perl5 /usr/lib64/perl5/vendor_perl /usr/share/perl5/vendor_perl /usr/lib64/perl5 /usr/share/perl5 .) at /lustre/bmt-data/genomics/projects/lussana/bpnet_model_training/local/src/meme-5.1.1/scripts/mast_xml_to_txt line 26.
BEGIN failed--compilation aborted at /lustre/bmt-data/genomics/projects/lussana/bpnet_model_training/local/src/meme-5.1.1/scripts/mast_xml_to_txt line 26.
Warning: mast_xml_to_txt exited abnormally and may have failed to create text output.
PASSED!
*******************************************************************************
Test mast11 ...
mast /lustre/bmt-data/genomics/projects/lussana/bpnet_model_training/local/src/meme-5.1.1/tests/meme/meme.lipocalin.classic.zoops.xml common/lipocalin.s -oc results/mast11 -nostatus &> log
Can't locate XML/Parser/Expat.pm in @INC (@INC contains: /lustre/bmt-data/genomics/projects/lussana/bpnet_model_training/local/src/meme-5.1.1/scripts /usr/local/lib64/perl5 /usr/local/share/perl5 /usr/lib64/perl5/vendor_perl /usr/share/perl5/vendor_perl /usr/lib64/perl5 /usr/share/perl5 .) at /lustre/bmt-data/genomics/projects/lussana/bpnet_model_training/local/src/meme-5.1.1/scripts/mast_xml_to_html line 22.
BEGIN failed--compilation aborted at /lustre/bmt-data/genomics/projects/lussana/bpnet_model_training/local/src/meme-5.1.1/scripts/mast_xml_to_html line 22.
Warning: mast_xml_to_html exited abnormally and may have failed to create HTML output.
Can't locate XML/Parser/Expat.pm in @INC (@INC contains: /lustre/bmt-data/genomics/projects/lussana/bpnet_model_training/local/src/meme-5.1.1/scripts /usr/local/lib64/perl5 /usr/local/share/perl5 /usr/lib64/perl5/vendor_perl /usr/share/perl5/vendor_perl /usr/lib64/perl5 /usr/share/perl5 .) at /lustre/bmt-data/genomics/projects/lussana/bpnet_model_training/local/src/meme-5.1.1/scripts/mast_xml_to_txt line 26.
BEGIN failed--compilation aborted at /lustre/bmt-data/genomics/projects/lussana/bpnet_model_training/local/src/meme-5.1.1/scripts/mast_xml_to_txt line 26.
Warning: mast_xml_to_txt exited abnormally and may have failed to create text output.
PASSED!
*******************************************************************************
Test mast12 ...
mast /lustre/bmt-data/genomics/projects/lussana/bpnet_model_training/local/src/meme-5.1.1/tests/meme/meme.lipocalin.classic.anr.html common/lipocalin.s -oc results/mast12 -nostatus &> log
Can't locate XML/Parser/Expat.pm in @INC (@INC contains: /lustre/bmt-data/genomics/projects/lussana/bpnet_model_training/local/src/meme-5.1.1/scripts /usr/local/lib64/perl5 /usr/local/share/perl5 /usr/lib64/perl5/vendor_perl /usr/share/perl5/vendor_perl /usr/lib64/perl5 /usr/share/perl5 .) at /lustre/bmt-data/genomics/projects/lussana/bpnet_model_training/local/src/meme-5.1.1/scripts/mast_xml_to_html line 22.
BEGIN failed--compilation aborted at /lustre/bmt-data/genomics/projects/lussana/bpnet_model_training/local/src/meme-5.1.1/scripts/mast_xml_to_html line 22.
Warning: mast_xml_to_html exited abnormally and may have failed to create HTML output.
Can't locate XML/Parser/Expat.pm in @INC (@INC contains: /lustre/bmt-data/genomics/projects/lussana/bpnet_model_training/local/src/meme-5.1.1/scripts /usr/local/lib64/perl5 /usr/local/share/perl5 /usr/lib64/perl5/vendor_perl /usr/share/perl5/vendor_perl /usr/lib64/perl5 /usr/share/perl5 .) at /lustre/bmt-data/genomics/projects/lussana/bpnet_model_training/local/src/meme-5.1.1/scripts/mast_xml_to_txt line 26.
BEGIN failed--compilation aborted at /lustre/bmt-data/genomics/projects/lussana/bpnet_model_training/local/src/meme-5.1.1/scripts/mast_xml_to_txt line 26.
Warning: mast_xml_to_txt exited abnormally and may have failed to create text output.
PASSED!
*******************************************************************************
Test mast13 ...
mast /lustre/bmt-data/genomics/projects/lussana/bpnet_model_training/local/src/meme-5.1.1/tests/meme/meme.adh.classic.oops.txt common/adh.s -oc results/mast13 -nostatus &> log
Can't locate XML/Parser/Expat.pm in @INC (@INC contains: /lustre/bmt-data/genomics/projects/lussana/bpnet_model_training/local/src/meme-5.1.1/scripts /usr/local/lib64/perl5 /usr/local/share/perl5 /usr/lib64/perl5/vendor_perl /usr/share/perl5/vendor_perl /usr/lib64/perl5 /usr/share/perl5 .) at /lustre/bmt-data/genomics/projects/lussana/bpnet_model_training/local/src/meme-5.1.1/scripts/mast_xml_to_html line 22.
BEGIN failed--compilation aborted at /lustre/bmt-data/genomics/projects/lussana/bpnet_model_training/local/src/meme-5.1.1/scripts/mast_xml_to_html line 22.
Warning: mast_xml_to_html exited abnormally and may have failed to create HTML output.
Can't locate XML/Parser/Expat.pm in @INC (@INC contains: /lustre/bmt-data/genomics/projects/lussana/bpnet_model_training/local/src/meme-5.1.1/scripts /usr/local/lib64/perl5 /usr/local/share/perl5 /usr/lib64/perl5/vendor_perl /usr/share/perl5/vendor_perl /usr/lib64/perl5 /usr/share/perl5 .) at /lustre/bmt-data/genomics/projects/lussana/bpnet_model_training/local/src/meme-5.1.1/scripts/mast_xml_to_txt line 26.
BEGIN failed--compilation aborted at /lustre/bmt-data/genomics/projects/lussana/bpnet_model_training/local/src/meme-5.1.1/scripts/mast_xml_to_txt line 26.
Warning: mast_xml_to_txt exited abnormally and may have failed to create text output.
PASSED!
*******************************************************************************
Test mast14 ...
mast /lustre/bmt-data/genomics/projects/lussana/bpnet_model_training/local/src/meme-5.1.1/tests/meme/meme.adh.classic.oops.txt - -oc results/mast14 -nostatus -df stdin -dna -seqp < common/mini-drosoph.s &> log
Can't locate XML/Parser/Expat.pm in @INC (@INC contains: /lustre/bmt-data/genomics/projects/lussana/bpnet_model_training/local/src/meme-5.1.1/scripts /usr/local/lib64/perl5 /usr/local/share/perl5 /usr/lib64/perl5/vendor_perl /usr/share/perl5/vendor_perl /usr/lib64/perl5 /usr/share/perl5 .) at /lustre/bmt-data/genomics/projects/lussana/bpnet_model_training/local/src/meme-5.1.1/scripts/mast_xml_to_html line 22.
BEGIN failed--compilation aborted at /lustre/bmt-data/genomics/projects/lussana/bpnet_model_training/local/src/meme-5.1.1/scripts/mast_xml_to_html line 22.
Warning: mast_xml_to_html exited abnormally and may have failed to create HTML output.
Can't locate XML/Parser/Expat.pm in @INC (@INC contains: /lustre/bmt-data/genomics/projects/lussana/bpnet_model_training/local/src/meme-5.1.1/scripts /usr/local/lib64/perl5 /usr/local/share/perl5 /usr/lib64/perl5/vendor_perl /usr/share/perl5/vendor_perl /usr/lib64/perl5 /usr/share/perl5 .) at /lustre/bmt-data/genomics/projects/lussana/bpnet_model_training/local/src/meme-5.1.1/scripts/mast_xml_to_txt line 26.
BEGIN failed--compilation aborted at /lustre/bmt-data/genomics/projects/lussana/bpnet_model_training/local/src/meme-5.1.1/scripts/mast_xml_to_txt line 26.
Warning: mast_xml_to_txt exited abnormally and may have failed to create text output.
PASSED!
*******************************************************************************
Test mast15 ...
mast /lustre/bmt-data/genomics/projects/lussana/bpnet_model_training/local/src/meme-5.1.1/tests/meme/meme.adh.classic.zoops.html common/adh.s -oc results/mast15 -nostatus &> log
Can't locate XML/Parser/Expat.pm in @INC (@INC contains: /lustre/bmt-data/genomics/projects/lussana/bpnet_model_training/local/src/meme-5.1.1/scripts /usr/local/lib64/perl5 /usr/local/share/perl5 /usr/lib64/perl5/vendor_perl /usr/share/perl5/vendor_perl /usr/lib64/perl5 /usr/share/perl5 .) at /lustre/bmt-data/genomics/projects/lussana/bpnet_model_training/local/src/meme-5.1.1/scripts/mast_xml_to_html line 22.
BEGIN failed--compilation aborted at /lustre/bmt-data/genomics/projects/lussana/bpnet_model_training/local/src/meme-5.1.1/scripts/mast_xml_to_html line 22.
Warning: mast_xml_to_html exited abnormally and may have failed to create HTML output.
Can't locate XML/Parser/Expat.pm in @INC (@INC contains: /lustre/bmt-data/genomics/projects/lussana/bpnet_model_training/local/src/meme-5.1.1/scripts /usr/local/lib64/perl5 /usr/local/share/perl5 /usr/lib64/perl5/vendor_perl /usr/share/perl5/vendor_perl /usr/lib64/perl5 /usr/share/perl5 .) at /lustre/bmt-data/genomics/projects/lussana/bpnet_model_training/local/src/meme-5.1.1/scripts/mast_xml_to_txt line 26.
BEGIN failed--compilation aborted at /lustre/bmt-data/genomics/projects/lussana/bpnet_model_training/local/src/meme-5.1.1/scripts/mast_xml_to_txt line 26.
Warning: mast_xml_to_txt exited abnormally and may have failed to create text output.
PASSED!
*******************************************************************************
Test mast16 ...
mast /lustre/bmt-data/genomics/projects/lussana/bpnet_model_training/local/src/meme-5.1.1/tests/meme/meme.adh.classic.zoops.html - -oc results/mast16 -nostatus -df stdin -dna -seqp < common/mini-drosoph.s &> log
Can't locate XML/Parser/Expat.pm in @INC (@INC contains: /lustre/bmt-data/genomics/projects/lussana/bpnet_model_training/local/src/meme-5.1.1/scripts /usr/local/lib64/perl5 /usr/local/share/perl5 /usr/lib64/perl5/vendor_perl /usr/share/perl5/vendor_perl /usr/lib64/perl5 /usr/share/perl5 .) at /lustre/bmt-data/genomics/projects/lussana/bpnet_model_training/local/src/meme-5.1.1/scripts/mast_xml_to_html line 22.
BEGIN failed--compilation aborted at /lustre/bmt-data/genomics/projects/lussana/bpnet_model_training/local/src/meme-5.1.1/scripts/mast_xml_to_html line 22.
Warning: mast_xml_to_html exited abnormally and may have failed to create HTML output.
Can't locate XML/Parser/Expat.pm in @INC (@INC contains: /lustre/bmt-data/genomics/projects/lussana/bpnet_model_training/local/src/meme-5.1.1/scripts /usr/local/lib64/perl5 /usr/local/share/perl5 /usr/lib64/perl5/vendor_perl /usr/share/perl5/vendor_perl /usr/lib64/perl5 /usr/share/perl5 .) at /lustre/bmt-data/genomics/projects/lussana/bpnet_model_training/local/src/meme-5.1.1/scripts/mast_xml_to_txt line 26.
BEGIN failed--compilation aborted at /lustre/bmt-data/genomics/projects/lussana/bpnet_model_training/local/src/meme-5.1.1/scripts/mast_xml_to_txt line 26.
Warning: mast_xml_to_txt exited abnormally and may have failed to create text output.
PASSED!
*******************************************************************************
Test mast17 ...
mast /lustre/bmt-data/genomics/projects/lussana/bpnet_model_training/local/src/meme-5.1.1/tests/meme/meme.adh.classic.anr.xml common/adh.s -oc results/mast17 -nostatus &> log
Can't locate XML/Parser/Expat.pm in @INC (@INC contains: /lustre/bmt-data/genomics/projects/lussana/bpnet_model_training/local/src/meme-5.1.1/scripts /usr/local/lib64/perl5 /usr/local/share/perl5 /usr/lib64/perl5/vendor_perl /usr/share/perl5/vendor_perl /usr/lib64/perl5 /usr/share/perl5 .) at /lustre/bmt-data/genomics/projects/lussana/bpnet_model_training/local/src/meme-5.1.1/scripts/mast_xml_to_html line 22.
BEGIN failed--compilation aborted at /lustre/bmt-data/genomics/projects/lussana/bpnet_model_training/local/src/meme-5.1.1/scripts/mast_xml_to_html line 22.
Warning: mast_xml_to_html exited abnormally and may have failed to create HTML output.
Can't locate XML/Parser/Expat.pm in @INC (@INC contains: /lustre/bmt-data/genomics/projects/lussana/bpnet_model_training/local/src/meme-5.1.1/scripts /usr/local/lib64/perl5 /usr/local/share/perl5 /usr/lib64/perl5/vendor_perl /usr/share/perl5/vendor_perl /usr/lib64/perl5 /usr/share/perl5 .) at /lustre/bmt-data/genomics/projects/lussana/bpnet_model_training/local/src/meme-5.1.1/scripts/mast_xml_to_txt line 26.
BEGIN failed--compilation aborted at /lustre/bmt-data/genomics/projects/lussana/bpnet_model_training/local/src/meme-5.1.1/scripts/mast_xml_to_txt line 26.
Warning: mast_xml_to_txt exited abnormally and may have failed to create text output.
PASSED!
*******************************************************************************
Test mast18 ...
mast /lustre/bmt-data/genomics/projects/lussana/bpnet_model_training/local/src/meme-5.1.1/tests/meme/meme.adh.classic.anr.xml - -oc results/mast18 -nostatus -df stdin -dna -seqp < common/mini-drosoph.s &> log
Can't locate XML/Parser/Expat.pm in @INC (@INC contains: /lustre/bmt-data/genomics/projects/lussana/bpnet_model_training/local/src/meme-5.1.1/scripts /usr/local/lib64/perl5 /usr/local/share/perl5 /usr/lib64/perl5/vendor_perl /usr/share/perl5/vendor_perl /usr/lib64/perl5 /usr/share/perl5 .) at /lustre/bmt-data/genomics/projects/lussana/bpnet_model_training/local/src/meme-5.1.1/scripts/mast_xml_to_html line 22.
BEGIN failed--compilation aborted at /lustre/bmt-data/genomics/projects/lussana/bpnet_model_training/local/src/meme-5.1.1/scripts/mast_xml_to_html line 22.
Warning: mast_xml_to_html exited abnormally and may have failed to create HTML output.
Can't locate XML/Parser/Expat.pm in @INC (@INC contains: /lustre/bmt-data/genomics/projects/lussana/bpnet_model_training/local/src/meme-5.1.1/scripts /usr/local/lib64/perl5 /usr/local/share/perl5 /usr/lib64/perl5/vendor_perl /usr/share/perl5/vendor_perl /usr/lib64/perl5 /usr/share/perl5 .) at /lustre/bmt-data/genomics/projects/lussana/bpnet_model_training/local/src/meme-5.1.1/scripts/mast_xml_to_txt line 26.
BEGIN failed--compilation aborted at /lustre/bmt-data/genomics/projects/lussana/bpnet_model_training/local/src/meme-5.1.1/scripts/mast_xml_to_txt line 26.
Warning: mast_xml_to_txt exited abnormally and may have failed to create text output.
PASSED!
*******************************************************************************
Test mast19 ...
mast /lustre/bmt-data/genomics/projects/lussana/bpnet_model_training/local/src/meme-5.1.1/tests/meme/meme.INO_up800.classic.anr.txt common/INO_up800.s -oc results/mast19 -nostatus &> log
Can't locate XML/Parser/Expat.pm in @INC (@INC contains: /lustre/bmt-data/genomics/projects/lussana/bpnet_model_training/local/src/meme-5.1.1/scripts /usr/local/lib64/perl5 /usr/local/share/perl5 /usr/lib64/perl5/vendor_perl /usr/share/perl5/vendor_perl /usr/lib64/perl5 /usr/share/perl5 .) at /lustre/bmt-data/genomics/projects/lussana/bpnet_model_training/local/src/meme-5.1.1/scripts/mast_xml_to_html line 22.
BEGIN failed--compilation aborted at /lustre/bmt-data/genomics/projects/lussana/bpnet_model_training/local/src/meme-5.1.1/scripts/mast_xml_to_html line 22.
Warning: mast_xml_to_html exited abnormally and may have failed to create HTML output.
Can't locate XML/Parser/Expat.pm in @INC (@INC contains: /lustre/bmt-data/genomics/projects/lussana/bpnet_model_training/local/src/meme-5.1.1/scripts /usr/local/lib64/perl5 /usr/local/share/perl5 /usr/lib64/perl5/vendor_perl /usr/share/perl5/vendor_perl /usr/lib64/perl5 /usr/share/perl5 .) at /lustre/bmt-data/genomics/projects/lussana/bpnet_model_training/local/src/meme-5.1.1/scripts/mast_xml_to_txt line 26.
BEGIN failed--compilation aborted at /lustre/bmt-data/genomics/projects/lussana/bpnet_model_training/local/src/meme-5.1.1/scripts/mast_xml_to_txt line 26.
Warning: mast_xml_to_txt exited abnormally and may have failed to create text output.
-------------------------------------------------------------------------------
mast did not create the file "results/mast19/mast.html"
FAILED!
*******************************************************************************
Test mast20 ...
mast /lustre/bmt-data/genomics/projects/lussana/bpnet_model_training/local/src/meme-5.1.1/tests/meme/meme.INO_up800.classic.anr.xml common/INO_up800.s -oc results/mast20 -nostatus &> log
Can't locate XML/Parser/Expat.pm in @INC (@INC contains: /lustre/bmt-data/genomics/projects/lussana/bpnet_model_training/local/src/meme-5.1.1/scripts /usr/local/lib64/perl5 /usr/local/share/perl5 /usr/lib64/perl5/vendor_perl /usr/share/perl5/vendor_perl /usr/lib64/perl5 /usr/share/perl5 .) at /lustre/bmt-data/genomics/projects/lussana/bpnet_model_training/local/src/meme-5.1.1/scripts/mast_xml_to_html line 22.
BEGIN failed--compilation aborted at /lustre/bmt-data/genomics/projects/lussana/bpnet_model_training/local/src/meme-5.1.1/scripts/mast_xml_to_html line 22.
Warning: mast_xml_to_html exited abnormally and may have failed to create HTML output.
Can't locate XML/Parser/Expat.pm in @INC (@INC contains: /lustre/bmt-data/genomics/projects/lussana/bpnet_model_training/local/src/meme-5.1.1/scripts /usr/local/lib64/perl5 /usr/local/share/perl5 /usr/lib64/perl5/vendor_perl /usr/share/perl5/vendor_perl /usr/lib64/perl5 /usr/share/perl5 .) at /lustre/bmt-data/genomics/projects/lussana/bpnet_model_training/local/src/meme-5.1.1/scripts/mast_xml_to_txt line 26.
BEGIN failed--compilation aborted at /lustre/bmt-data/genomics/projects/lussana/bpnet_model_training/local/src/meme-5.1.1/scripts/mast_xml_to_txt line 26.
Warning: mast_xml_to_txt exited abnormally and may have failed to create text output.
-------------------------------------------------------------------------------
mast did not create the file "results/mast20/mast.html"
FAILED!
*******************************************************************************
Test mast21 ...
mast /lustre/bmt-data/genomics/projects/lussana/bpnet_model_training/local/src/meme-5.1.1/tests/meme/meme.INO_up800.classic.anr.html common/INO_up800.s -oc results/mast21 -nostatus &> log
Can't locate XML/Parser/Expat.pm in @INC (@INC contains: /lustre/bmt-data/genomics/projects/lussana/bpnet_model_training/local/src/meme-5.1.1/scripts /usr/local/lib64/perl5 /usr/local/share/perl5 /usr/lib64/perl5/vendor_perl /usr/share/perl5/vendor_perl /usr/lib64/perl5 /usr/share/perl5 .) at /lustre/bmt-data/genomics/projects/lussana/bpnet_model_training/local/src/meme-5.1.1/scripts/mast_xml_to_html line 22.
BEGIN failed--compilation aborted at /lustre/bmt-data/genomics/projects/lussana/bpnet_model_training/local/src/meme-5.1.1/scripts/mast_xml_to_html line 22.
Warning: mast_xml_to_html exited abnormally and may have failed to create HTML output.
Can't locate XML/Parser/Expat.pm in @INC (@INC contains: /lustre/bmt-data/genomics/projects/lussana/bpnet_model_training/local/src/meme-5.1.1/scripts /usr/local/lib64/perl5 /usr/local/share/perl5 /usr/lib64/perl5/vendor_perl /usr/share/perl5/vendor_perl /usr/lib64/perl5 /usr/share/perl5 .) at /lustre/bmt-data/genomics/projects/lussana/bpnet_model_training/local/src/meme-5.1.1/scripts/mast_xml_to_txt line 26.
BEGIN failed--compilation aborted at /lustre/bmt-data/genomics/projects/lussana/bpnet_model_training/local/src/meme-5.1.1/scripts/mast_xml_to_txt line 26.
Warning: mast_xml_to_txt exited abnormally and may have failed to create text output.
-------------------------------------------------------------------------------
mast did not create the file "results/mast21/mast.html"
FAILED!

RUN: mcast
==========

*******************************************************************************
Test mcast1 ...
mcast -oc results/mcast1 /lustre/bmt-data/genomics/projects/lussana/bpnet_model_training/local/src/meme-5.1.1/tests/meme/meme.lex0.zoops.txt common/lex0.s &> log
Creating HMM from motif array.
Building HMM: (0) 1 2-3-4-5-6-7-8-9-10-11-12-13-14-15-16-17-18-19-20-21 | 22-23-24-25-26-27-28-29-30-31-32-33-34-35-36-37-38-39-40-41 | (42)
Reading sequences in blocks of 232558 characters.
Warning: Cannot estimate pi_0 accurately from fewer than 100 p-values.         total p-values = 14. Using pi_zero = 1.0.
User time for computation: 0.007174 seconds
System time for computation: 0.001108 seconds
User time for output: 0.00232 seconds
System time for output: 0.009618 seconds
Total user time: 0.009494 seconds
Total system time: 0.010726 seconds
reference /lustre/bmt-data/genomics/projects/lussana/bpnet_model_training/local/src/meme-5.1.1/tests/mcast/lex0.zoops.tsv output results/mcast1/mcast.tsv
reference /lustre/bmt-data/genomics/projects/lussana/bpnet_model_training/local/src/meme-5.1.1/tests/mcast/lex0.zoops.gff output results/mcast1/mcast.gff
reference /lustre/bmt-data/genomics/projects/lussana/bpnet_model_training/local/src/meme-5.1.1/tests/mcast/lex0.zoops.html output results/mcast1/mcast.html
PASSED!
*******************************************************************************
Test mcast2 ...
mcast -oc results/mcast2 -parse-genomic-coord /lustre/bmt-data/genomics/projects/lussana/bpnet_model_training/local/src/meme-5.1.1/tests/fimo/GCN4.meme.txt /lustre/bmt-data/genomics/projects/lussana/bpnet_model_training/local/src/meme-5.1.1/tests/fimo/GCN4_YPD-genomic.fasta &> log
Creating HMM from motif array.
Building HMM: (0) 1 2-3-4-5-6-7-8-9-10-11-12-13-14-15-16-17-18-19-20-21-22 | 23-24-25-26-27-28-29-30-31-32-33-34-35-36-37-38-39-40-41-42-43 | (44)
Reading sequences in blocks of 222222 characters.
Warning: Cannot estimate pi_0 accurately from fewer than 100 p-values.         total p-values = 34. Using pi_zero = 1.0.
User time for computation: 0.016003 seconds
System time for computation: 0.004869 seconds
User time for output: 0.004985 seconds
System time for output: 0.007186 seconds
Total user time: 0.020988 seconds
Total system time: 0.012055 seconds
reference /lustre/bmt-data/genomics/projects/lussana/bpnet_model_training/local/src/meme-5.1.1/tests/mcast/parse_genomic.tsv output results/mcast2/mcast.tsv
reference /lustre/bmt-data/genomics/projects/lussana/bpnet_model_training/local/src/meme-5.1.1/tests/mcast/parse_genomic.gff output results/mcast2/mcast.gff
reference /lustre/bmt-data/genomics/projects/lussana/bpnet_model_training/local/src/meme-5.1.1/tests/mcast/parse_genomic.html output results/mcast2/mcast.html
PASSED!

RUN: meme
=========

*******************************************************************************
Test meme1 ...
meme -p 4 common/crp0.s -oc results/meme1 -mod oops -dna -revcomp -nmotifs 2 -objfun classic -minw 8 -nostatus &> log
Option '-p' given but Parallel MEME not configured. Running Serial MEME.
Can't locate XML/Parser/Expat.pm in @INC (@INC contains: /lustre/bmt-data/genomics/projects/lussana/bpnet_model_training/local/src/meme-5.1.1/scripts /home/hgallu/meme/lib/meme-5.1.1/perl /lustre/bmt-data/genomics/projects/lussana/bpnet_model_training/local/src/meme-5.1.1/scripts /usr/local/lib64/perl5 /usr/local/share/perl5 /usr/lib64/perl5/vendor_perl /usr/share/perl5/vendor_perl /usr/lib64/perl5 /usr/share/perl5 .) at /lustre/bmt-data/genomics/projects/lussana/bpnet_model_training/local/src/meme-5.1.1/scripts/CheckingSAX.pm line 12.
BEGIN failed--compilation aborted at /lustre/bmt-data/genomics/projects/lussana/bpnet_model_training/local/src/meme-5.1.1/scripts/CheckingSAX.pm line 12.
Compilation failed in require at (eval 13) line 2.
	...propagated at /usr/share/perl5/base.pm line 84.
BEGIN failed--compilation aborted at /lustre/bmt-data/genomics/projects/lussana/bpnet_model_training/local/src/meme-5.1.1/scripts/MemeSAX.pm line 3.
Compilation failed in require at /lustre/bmt-data/genomics/projects/lussana/bpnet_model_training/local/src/meme-5.1.1/scripts/meme_xml_to_html line 48.
Warning: meme_xml_to_html exited abnormally and may have failed to create HTML output.
-------------------------------------------------------------------------------
meme exited with value 1 indicating failure.
FAILED!
*******************************************************************************
Test meme2 ...
meme -p 4 -minsites 3 -maxsites 17 common/crp0.s -oc results/meme2 -mod zoops -dna -revcomp -nmotifs 2 -objfun classic -minw 8 -nostatus &> log
Option '-p' given but Parallel MEME not configured. Running Serial MEME.
Can't locate XML/Parser/Expat.pm in @INC (@INC contains: /lustre/bmt-data/genomics/projects/lussana/bpnet_model_training/local/src/meme-5.1.1/scripts /home/hgallu/meme/lib/meme-5.1.1/perl /lustre/bmt-data/genomics/projects/lussana/bpnet_model_training/local/src/meme-5.1.1/scripts /usr/local/lib64/perl5 /usr/local/share/perl5 /usr/lib64/perl5/vendor_perl /usr/share/perl5/vendor_perl /usr/lib64/perl5 /usr/share/perl5 .) at /lustre/bmt-data/genomics/projects/lussana/bpnet_model_training/local/src/meme-5.1.1/scripts/CheckingSAX.pm line 12.
BEGIN failed--compilation aborted at /lustre/bmt-data/genomics/projects/lussana/bpnet_model_training/local/src/meme-5.1.1/scripts/CheckingSAX.pm line 12.
Compilation failed in require at (eval 13) line 2.
	...propagated at /usr/share/perl5/base.pm line 84.
BEGIN failed--compilation aborted at /lustre/bmt-data/genomics/projects/lussana/bpnet_model_training/local/src/meme-5.1.1/scripts/MemeSAX.pm line 3.
Compilation failed in require at /lustre/bmt-data/genomics/projects/lussana/bpnet_model_training/local/src/meme-5.1.1/scripts/meme_xml_to_html line 48.
Warning: meme_xml_to_html exited abnormally and may have failed to create HTML output.
-------------------------------------------------------------------------------
meme exited with value 1 indicating failure.
FAILED!
*******************************************************************************
Test meme3 ...
meme -p 4 -minsites 3 -maxsites 17 common/crp0.s -oc results/meme3 -mod anr -dna -revcomp -nmotifs 2 -objfun classic -minw 8 -nostatus &> log
Option '-p' given but Parallel MEME not configured. Running Serial MEME.
Can't locate XML/Parser/Expat.pm in @INC (@INC contains: /lustre/bmt-data/genomics/projects/lussana/bpnet_model_training/local/src/meme-5.1.1/scripts /home/hgallu/meme/lib/meme-5.1.1/perl /lustre/bmt-data/genomics/projects/lussana/bpnet_model_training/local/src/meme-5.1.1/scripts /usr/local/lib64/perl5 /usr/local/share/perl5 /usr/lib64/perl5/vendor_perl /usr/share/perl5/vendor_perl /usr/lib64/perl5 /usr/share/perl5 .) at /lustre/bmt-data/genomics/projects/lussana/bpnet_model_training/local/src/meme-5.1.1/scripts/CheckingSAX.pm line 12.
BEGIN failed--compilation aborted at /lustre/bmt-data/genomics/projects/lussana/bpnet_model_training/local/src/meme-5.1.1/scripts/CheckingSAX.pm line 12.
Compilation failed in require at (eval 13) line 2.
	...propagated at /usr/share/perl5/base.pm line 84.
BEGIN failed--compilation aborted at /lustre/bmt-data/genomics/projects/lussana/bpnet_model_training/local/src/meme-5.1.1/scripts/MemeSAX.pm line 3.
Compilation failed in require at /lustre/bmt-data/genomics/projects/lussana/bpnet_model_training/local/src/meme-5.1.1/scripts/meme_xml_to_html line 48.
Warning: meme_xml_to_html exited abnormally and may have failed to create HTML output.
-------------------------------------------------------------------------------
meme exited with value 1 indicating failure.
FAILED!
*******************************************************************************
Test meme4 ...
meme -p 4 common/adh.s -oc results/meme4 -mod oops -protein -nmotifs 2 -objfun classic -minw 8 -nostatus &> log
Option '-p' given but Parallel MEME not configured. Running Serial MEME.
Can't locate XML/Parser/Expat.pm in @INC (@INC contains: /lustre/bmt-data/genomics/projects/lussana/bpnet_model_training/local/src/meme-5.1.1/scripts /home/hgallu/meme/lib/meme-5.1.1/perl /lustre/bmt-data/genomics/projects/lussana/bpnet_model_training/local/src/meme-5.1.1/scripts /usr/local/lib64/perl5 /usr/local/share/perl5 /usr/lib64/perl5/vendor_perl /usr/share/perl5/vendor_perl /usr/lib64/perl5 /usr/share/perl5 .) at /lustre/bmt-data/genomics/projects/lussana/bpnet_model_training/local/src/meme-5.1.1/scripts/CheckingSAX.pm line 12.
BEGIN failed--compilation aborted at /lustre/bmt-data/genomics/projects/lussana/bpnet_model_training/local/src/meme-5.1.1/scripts/CheckingSAX.pm line 12.
Compilation failed in require at (eval 13) line 2.
	...propagated at /usr/share/perl5/base.pm line 84.
BEGIN failed--compilation aborted at /lustre/bmt-data/genomics/projects/lussana/bpnet_model_training/local/src/meme-5.1.1/scripts/MemeSAX.pm line 3.
Compilation failed in require at /lustre/bmt-data/genomics/projects/lussana/bpnet_model_training/local/src/meme-5.1.1/scripts/meme_xml_to_html line 48.
Warning: meme_xml_to_html exited abnormally and may have failed to create HTML output.
-------------------------------------------------------------------------------
meme exited with value 1 indicating failure.
FAILED!
*******************************************************************************
Test meme5 ...
meme -p 4 -nsites 27 common/adh.s -oc results/meme5 -mod zoops -protein -nmotifs 2 -objfun classic -minw 8 -nostatus &> log
Option '-p' given but Parallel MEME not configured. Running Serial MEME.
Can't locate XML/Parser/Expat.pm in @INC (@INC contains: /lustre/bmt-data/genomics/projects/lussana/bpnet_model_training/local/src/meme-5.1.1/scripts /home/hgallu/meme/lib/meme-5.1.1/perl /lustre/bmt-data/genomics/projects/lussana/bpnet_model_training/local/src/meme-5.1.1/scripts /usr/local/lib64/perl5 /usr/local/share/perl5 /usr/lib64/perl5/vendor_perl /usr/share/perl5/vendor_perl /usr/lib64/perl5 /usr/share/perl5 .) at /lustre/bmt-data/genomics/projects/lussana/bpnet_model_training/local/src/meme-5.1.1/scripts/CheckingSAX.pm line 12.
BEGIN failed--compilation aborted at /lustre/bmt-data/genomics/projects/lussana/bpnet_model_training/local/src/meme-5.1.1/scripts/CheckingSAX.pm line 12.
Compilation failed in require at (eval 13) line 2.
	...propagated at /usr/share/perl5/base.pm line 84.
BEGIN failed--compilation aborted at /lustre/bmt-data/genomics/projects/lussana/bpnet_model_training/local/src/meme-5.1.1/scripts/MemeSAX.pm line 3.
Compilation failed in require at /lustre/bmt-data/genomics/projects/lussana/bpnet_model_training/local/src/meme-5.1.1/scripts/meme_xml_to_html line 48.
Warning: meme_xml_to_html exited abnormally and may have failed to create HTML output.
-------------------------------------------------------------------------------
meme exited with value 1 indicating failure.
FAILED!
*******************************************************************************
Test meme6 ...
meme -p 4 -nsites 27 common/adh.s -oc results/meme6 -mod anr -protein -nmotifs 2 -objfun classic -minw 8 -nostatus &> log
Option '-p' given but Parallel MEME not configured. Running Serial MEME.
Can't locate XML/Parser/Expat.pm in @INC (@INC contains: /lustre/bmt-data/genomics/projects/lussana/bpnet_model_training/local/src/meme-5.1.1/scripts /home/hgallu/meme/lib/meme-5.1.1/perl /lustre/bmt-data/genomics/projects/lussana/bpnet_model_training/local/src/meme-5.1.1/scripts /usr/local/lib64/perl5 /usr/local/share/perl5 /usr/lib64/perl5/vendor_perl /usr/share/perl5/vendor_perl /usr/lib64/perl5 /usr/share/perl5 .) at /lustre/bmt-data/genomics/projects/lussana/bpnet_model_training/local/src/meme-5.1.1/scripts/CheckingSAX.pm line 12.
BEGIN failed--compilation aborted at /lustre/bmt-data/genomics/projects/lussana/bpnet_model_training/local/src/meme-5.1.1/scripts/CheckingSAX.pm line 12.
Compilation failed in require at (eval 13) line 2.
	...propagated at /usr/share/perl5/base.pm line 84.
BEGIN failed--compilation aborted at /lustre/bmt-data/genomics/projects/lussana/bpnet_model_training/local/src/meme-5.1.1/scripts/MemeSAX.pm line 3.
Compilation failed in require at /lustre/bmt-data/genomics/projects/lussana/bpnet_model_training/local/src/meme-5.1.1/scripts/meme_xml_to_html line 48.
Warning: meme_xml_to_html exited abnormally and may have failed to create HTML output.
-------------------------------------------------------------------------------
meme exited with value 1 indicating failure.
FAILED!
*******************************************************************************
Test meme7 ...
meme -p 4 -csites 30 common/Klf1-200-100.fa -oc results/meme7 -mod oops -dna -revcomp -brief 0 -nmotifs 2 -objfun classic -minw 8 -nostatus &> log
Option '-p' given but Parallel MEME not configured. Running Serial MEME.
Can't locate XML/Parser/Expat.pm in @INC (@INC contains: /lustre/bmt-data/genomics/projects/lussana/bpnet_model_training/local/src/meme-5.1.1/scripts /home/hgallu/meme/lib/meme-5.1.1/perl /lustre/bmt-data/genomics/projects/lussana/bpnet_model_training/local/src/meme-5.1.1/scripts /usr/local/lib64/perl5 /usr/local/share/perl5 /usr/lib64/perl5/vendor_perl /usr/share/perl5/vendor_perl /usr/lib64/perl5 /usr/share/perl5 .) at /lustre/bmt-data/genomics/projects/lussana/bpnet_model_training/local/src/meme-5.1.1/scripts/CheckingSAX.pm line 12.
BEGIN failed--compilation aborted at /lustre/bmt-data/genomics/projects/lussana/bpnet_model_training/local/src/meme-5.1.1/scripts/CheckingSAX.pm line 12.
Compilation failed in require at (eval 13) line 2.
	...propagated at /usr/share/perl5/base.pm line 84.
BEGIN failed--compilation aborted at /lustre/bmt-data/genomics/projects/lussana/bpnet_model_training/local/src/meme-5.1.1/scripts/MemeSAX.pm line 3.
Compilation failed in require at /lustre/bmt-data/genomics/projects/lussana/bpnet_model_training/local/src/meme-5.1.1/scripts/meme_xml_to_html line 48.
Warning: meme_xml_to_html exited abnormally and may have failed to create HTML output.
-------------------------------------------------------------------------------
meme exited with value 1 indicating failure.
FAILED!
*******************************************************************************
Test meme8 ...
meme -p 4 -csites 30 common/Klf1-200-100.fa -oc results/meme8 -mod zoops -dna -revcomp -brief 0 -nmotifs 2 -objfun classic -minw 8 -nostatus &> log
Option '-p' given but Parallel MEME not configured. Running Serial MEME.
Can't locate XML/Parser/Expat.pm in @INC (@INC contains: /lustre/bmt-data/genomics/projects/lussana/bpnet_model_training/local/src/meme-5.1.1/scripts /home/hgallu/meme/lib/meme-5.1.1/perl /lustre/bmt-data/genomics/projects/lussana/bpnet_model_training/local/src/meme-5.1.1/scripts /usr/local/lib64/perl5 /usr/local/share/perl5 /usr/lib64/perl5/vendor_perl /usr/share/perl5/vendor_perl /usr/lib64/perl5 /usr/share/perl5 .) at /lustre/bmt-data/genomics/projects/lussana/bpnet_model_training/local/src/meme-5.1.1/scripts/CheckingSAX.pm line 12.
BEGIN failed--compilation aborted at /lustre/bmt-data/genomics/projects/lussana/bpnet_model_training/local/src/meme-5.1.1/scripts/CheckingSAX.pm line 12.
Compilation failed in require at (eval 13) line 2.
	...propagated at /usr/share/perl5/base.pm line 84.
BEGIN failed--compilation aborted at /lustre/bmt-data/genomics/projects/lussana/bpnet_model_training/local/src/meme-5.1.1/scripts/MemeSAX.pm line 3.
Compilation failed in require at /lustre/bmt-data/genomics/projects/lussana/bpnet_model_training/local/src/meme-5.1.1/scripts/meme_xml_to_html line 48.
Warning: meme_xml_to_html exited abnormally and may have failed to create HTML output.
-------------------------------------------------------------------------------
meme exited with value 1 indicating failure.
FAILED!
*******************************************************************************
Test meme9 ...
meme -p 4 -csites 30 common/Klf1-200-100.fa -oc results/meme9 -mod anr -dna -revcomp -brief 0 -nmotifs 2 -objfun classic -minw 8 -nostatus &> log
Option '-p' given but Parallel MEME not configured. Running Serial MEME.
Can't locate XML/Parser/Expat.pm in @INC (@INC contains: /lustre/bmt-data/genomics/projects/lussana/bpnet_model_training/local/src/meme-5.1.1/scripts /home/hgallu/meme/lib/meme-5.1.1/perl /lustre/bmt-data/genomics/projects/lussana/bpnet_model_training/local/src/meme-5.1.1/scripts /usr/local/lib64/perl5 /usr/local/share/perl5 /usr/lib64/perl5/vendor_perl /usr/share/perl5/vendor_perl /usr/lib64/perl5 /usr/share/perl5 .) at /lustre/bmt-data/genomics/projects/lussana/bpnet_model_training/local/src/meme-5.1.1/scripts/CheckingSAX.pm line 12.
BEGIN failed--compilation aborted at /lustre/bmt-data/genomics/projects/lussana/bpnet_model_training/local/src/meme-5.1.1/scripts/CheckingSAX.pm line 12.
Compilation failed in require at (eval 13) line 2.
	...propagated at /usr/share/perl5/base.pm line 84.
BEGIN failed--compilation aborted at /lustre/bmt-data/genomics/projects/lussana/bpnet_model_training/local/src/meme-5.1.1/scripts/MemeSAX.pm line 3.
Compilation failed in require at /lustre/bmt-data/genomics/projects/lussana/bpnet_model_training/local/src/meme-5.1.1/scripts/meme_xml_to_html line 48.
Warning: meme_xml_to_html exited abnormally and may have failed to create HTML output.
-------------------------------------------------------------------------------
meme exited with value 1 indicating failure.
FAILED!
*******************************************************************************
Test meme10 ...
meme -p 4 common/crp0.s -oc results/meme10 -mod oops -dna -revcomp -nmotifs 2 -objfun de -w 12 -hsfrac 0.6 -shuf 3 -nostatus &> log
Option '-p' given but Parallel MEME not configured. Running Serial MEME.
Can't locate XML/Parser/Expat.pm in @INC (@INC contains: /lustre/bmt-data/genomics/projects/lussana/bpnet_model_training/local/src/meme-5.1.1/scripts /home/hgallu/meme/lib/meme-5.1.1/perl /lustre/bmt-data/genomics/projects/lussana/bpnet_model_training/local/src/meme-5.1.1/scripts /usr/local/lib64/perl5 /usr/local/share/perl5 /usr/lib64/perl5/vendor_perl /usr/share/perl5/vendor_perl /usr/lib64/perl5 /usr/share/perl5 .) at /lustre/bmt-data/genomics/projects/lussana/bpnet_model_training/local/src/meme-5.1.1/scripts/CheckingSAX.pm line 12.
BEGIN failed--compilation aborted at /lustre/bmt-data/genomics/projects/lussana/bpnet_model_training/local/src/meme-5.1.1/scripts/CheckingSAX.pm line 12.
Compilation failed in require at (eval 13) line 2.
	...propagated at /usr/share/perl5/base.pm line 84.
BEGIN failed--compilation aborted at /lustre/bmt-data/genomics/projects/lussana/bpnet_model_training/local/src/meme-5.1.1/scripts/MemeSAX.pm line 3.
Compilation failed in require at /lustre/bmt-data/genomics/projects/lussana/bpnet_model_training/local/src/meme-5.1.1/scripts/meme_xml_to_html line 48.
Warning: meme_xml_to_html exited abnormally and may have failed to create HTML output.
-------------------------------------------------------------------------------
meme exited with value 1 indicating failure.
FAILED!
*******************************************************************************
Test meme11 ...
meme -p 4 -minsites 3 -maxsites 17 common/crp0.s -oc results/meme11 -mod zoops -dna -revcomp -nmotifs 2 -objfun de -w 12 -hsfrac 0.6 -shuf 3 -nostatus &> log
Option '-p' given but Parallel MEME not configured. Running Serial MEME.
Can't locate XML/Parser/Expat.pm in @INC (@INC contains: /lustre/bmt-data/genomics/projects/lussana/bpnet_model_training/local/src/meme-5.1.1/scripts /home/hgallu/meme/lib/meme-5.1.1/perl /lustre/bmt-data/genomics/projects/lussana/bpnet_model_training/local/src/meme-5.1.1/scripts /usr/local/lib64/perl5 /usr/local/share/perl5 /usr/lib64/perl5/vendor_perl /usr/share/perl5/vendor_perl /usr/lib64/perl5 /usr/share/perl5 .) at /lustre/bmt-data/genomics/projects/lussana/bpnet_model_training/local/src/meme-5.1.1/scripts/CheckingSAX.pm line 12.
BEGIN failed--compilation aborted at /lustre/bmt-data/genomics/projects/lussana/bpnet_model_training/local/src/meme-5.1.1/scripts/CheckingSAX.pm line 12.
Compilation failed in require at (eval 13) line 2.
	...propagated at /usr/share/perl5/base.pm line 84.
BEGIN failed--compilation aborted at /lustre/bmt-data/genomics/projects/lussana/bpnet_model_training/local/src/meme-5.1.1/scripts/MemeSAX.pm line 3.
Compilation failed in require at /lustre/bmt-data/genomics/projects/lussana/bpnet_model_training/local/src/meme-5.1.1/scripts/meme_xml_to_html line 48.
Warning: meme_xml_to_html exited abnormally and may have failed to create HTML output.
-------------------------------------------------------------------------------
meme exited with value 1 indicating failure.
FAILED!
*******************************************************************************
Test meme12 ...
meme -p 4 -minsites 3 -maxsites 17 common/crp0.s -oc results/meme12 -mod anr -dna -revcomp -nmotifs 2 -objfun de -w 12 -hsfrac 0.6 -shuf 3 -nostatus &> log
Option '-p' given but Parallel MEME not configured. Running Serial MEME.
Can't locate XML/Parser/Expat.pm in @INC (@INC contains: /lustre/bmt-data/genomics/projects/lussana/bpnet_model_training/local/src/meme-5.1.1/scripts /home/hgallu/meme/lib/meme-5.1.1/perl /lustre/bmt-data/genomics/projects/lussana/bpnet_model_training/local/src/meme-5.1.1/scripts /usr/local/lib64/perl5 /usr/local/share/perl5 /usr/lib64/perl5/vendor_perl /usr/share/perl5/vendor_perl /usr/lib64/perl5 /usr/share/perl5 .) at /lustre/bmt-data/genomics/projects/lussana/bpnet_model_training/local/src/meme-5.1.1/scripts/CheckingSAX.pm line 12.
BEGIN failed--compilation aborted at /lustre/bmt-data/genomics/projects/lussana/bpnet_model_training/local/src/meme-5.1.1/scripts/CheckingSAX.pm line 12.
Compilation failed in require at (eval 13) line 2.
	...propagated at /usr/share/perl5/base.pm line 84.
BEGIN failed--compilation aborted at /lustre/bmt-data/genomics/projects/lussana/bpnet_model_training/local/src/meme-5.1.1/scripts/MemeSAX.pm line 3.
Compilation failed in require at /lustre/bmt-data/genomics/projects/lussana/bpnet_model_training/local/src/meme-5.1.1/scripts/meme_xml_to_html line 48.
Warning: meme_xml_to_html exited abnormally and may have failed to create HTML output.
-------------------------------------------------------------------------------
meme exited with value 1 indicating failure.
FAILED!
*******************************************************************************
Test meme13 ...
meme -p 4 common/adh.s -oc results/meme13 -mod oops -protein -nmotifs 2 -objfun de -w 12 -hsfrac 0.6 -shuf 3 -nostatus &> log
Option '-p' given but Parallel MEME not configured. Running Serial MEME.
Can't locate XML/Parser/Expat.pm in @INC (@INC contains: /lustre/bmt-data/genomics/projects/lussana/bpnet_model_training/local/src/meme-5.1.1/scripts /home/hgallu/meme/lib/meme-5.1.1/perl /lustre/bmt-data/genomics/projects/lussana/bpnet_model_training/local/src/meme-5.1.1/scripts /usr/local/lib64/perl5 /usr/local/share/perl5 /usr/lib64/perl5/vendor_perl /usr/share/perl5/vendor_perl /usr/lib64/perl5 /usr/share/perl5 .) at /lustre/bmt-data/genomics/projects/lussana/bpnet_model_training/local/src/meme-5.1.1/scripts/CheckingSAX.pm line 12.
BEGIN failed--compilation aborted at /lustre/bmt-data/genomics/projects/lussana/bpnet_model_training/local/src/meme-5.1.1/scripts/CheckingSAX.pm line 12.
Compilation failed in require at (eval 13) line 2.
	...propagated at /usr/share/perl5/base.pm line 84.
BEGIN failed--compilation aborted at /lustre/bmt-data/genomics/projects/lussana/bpnet_model_training/local/src/meme-5.1.1/scripts/MemeSAX.pm line 3.
Compilation failed in require at /lustre/bmt-data/genomics/projects/lussana/bpnet_model_training/local/src/meme-5.1.1/scripts/meme_xml_to_html line 48.
Warning: meme_xml_to_html exited abnormally and may have failed to create HTML output.
-------------------------------------------------------------------------------
meme exited with value 1 indicating failure.
FAILED!
*******************************************************************************
Test meme14 ...
meme -p 4 -nsites 27 common/adh.s -oc results/meme14 -mod zoops -protein -nmotifs 2 -objfun de -w 12 -hsfrac 0.6 -shuf 3 -nostatus &> log
Option '-p' given but Parallel MEME not configured. Running Serial MEME.
Can't locate XML/Parser/Expat.pm in @INC (@INC contains: /lustre/bmt-data/genomics/projects/lussana/bpnet_model_training/local/src/meme-5.1.1/scripts /home/hgallu/meme/lib/meme-5.1.1/perl /lustre/bmt-data/genomics/projects/lussana/bpnet_model_training/local/src/meme-5.1.1/scripts /usr/local/lib64/perl5 /usr/local/share/perl5 /usr/lib64/perl5/vendor_perl /usr/share/perl5/vendor_perl /usr/lib64/perl5 /usr/share/perl5 .) at /lustre/bmt-data/genomics/projects/lussana/bpnet_model_training/local/src/meme-5.1.1/scripts/CheckingSAX.pm line 12.
BEGIN failed--compilation aborted at /lustre/bmt-data/genomics/projects/lussana/bpnet_model_training/local/src/meme-5.1.1/scripts/CheckingSAX.pm line 12.
Compilation failed in require at (eval 13) line 2.
	...propagated at /usr/share/perl5/base.pm line 84.
BEGIN failed--compilation aborted at /lustre/bmt-data/genomics/projects/lussana/bpnet_model_training/local/src/meme-5.1.1/scripts/MemeSAX.pm line 3.
Compilation failed in require at /lustre/bmt-data/genomics/projects/lussana/bpnet_model_training/local/src/meme-5.1.1/scripts/meme_xml_to_html line 48.
Warning: meme_xml_to_html exited abnormally and may have failed to create HTML output.
-------------------------------------------------------------------------------
meme exited with value 1 indicating failure.
FAILED!
*******************************************************************************
Test meme15 ...
meme -p 4 -nsites 27 common/adh.s -oc results/meme15 -mod anr -protein -nmotifs 2 -objfun de -w 12 -hsfrac 0.6 -shuf 3 -nostatus &> log
Option '-p' given but Parallel MEME not configured. Running Serial MEME.
Can't locate XML/Parser/Expat.pm in @INC (@INC contains: /lustre/bmt-data/genomics/projects/lussana/bpnet_model_training/local/src/meme-5.1.1/scripts /home/hgallu/meme/lib/meme-5.1.1/perl /lustre/bmt-data/genomics/projects/lussana/bpnet_model_training/local/src/meme-5.1.1/scripts /usr/local/lib64/perl5 /usr/local/share/perl5 /usr/lib64/perl5/vendor_perl /usr/share/perl5/vendor_perl /usr/lib64/perl5 /usr/share/perl5 .) at /lustre/bmt-data/genomics/projects/lussana/bpnet_model_training/local/src/meme-5.1.1/scripts/CheckingSAX.pm line 12.
BEGIN failed--compilation aborted at /lustre/bmt-data/genomics/projects/lussana/bpnet_model_training/local/src/meme-5.1.1/scripts/CheckingSAX.pm line 12.
Compilation failed in require at (eval 13) line 2.
	...propagated at /usr/share/perl5/base.pm line 84.
BEGIN failed--compilation aborted at /lustre/bmt-data/genomics/projects/lussana/bpnet_model_training/local/src/meme-5.1.1/scripts/MemeSAX.pm line 3.
Compilation failed in require at /lustre/bmt-data/genomics/projects/lussana/bpnet_model_training/local/src/meme-5.1.1/scripts/meme_xml_to_html line 48.
Warning: meme_xml_to_html exited abnormally and may have failed to create HTML output.
-------------------------------------------------------------------------------
meme exited with value 1 indicating failure.
FAILED!
*******************************************************************************
Test meme16 ...
meme -p 4 common/Klf1-200-100.fa -oc results/meme16 -mod oops -dna -revcomp -brief 0 -nmotifs 2 -objfun de -w 12 -hsfrac 0.6 -shuf 3 -nostatus &> log
Option '-p' given but Parallel MEME not configured. Running Serial MEME.
Can't locate XML/Parser/Expat.pm in @INC (@INC contains: /lustre/bmt-data/genomics/projects/lussana/bpnet_model_training/local/src/meme-5.1.1/scripts /home/hgallu/meme/lib/meme-5.1.1/perl /lustre/bmt-data/genomics/projects/lussana/bpnet_model_training/local/src/meme-5.1.1/scripts /usr/local/lib64/perl5 /usr/local/share/perl5 /usr/lib64/perl5/vendor_perl /usr/share/perl5/vendor_perl /usr/lib64/perl5 /usr/share/perl5 .) at /lustre/bmt-data/genomics/projects/lussana/bpnet_model_training/local/src/meme-5.1.1/scripts/CheckingSAX.pm line 12.
BEGIN failed--compilation aborted at /lustre/bmt-data/genomics/projects/lussana/bpnet_model_training/local/src/meme-5.1.1/scripts/CheckingSAX.pm line 12.
Compilation failed in require at (eval 13) line 2.
	...propagated at /usr/share/perl5/base.pm line 84.
BEGIN failed--compilation aborted at /lustre/bmt-data/genomics/projects/lussana/bpnet_model_training/local/src/meme-5.1.1/scripts/MemeSAX.pm line 3.
Compilation failed in require at /lustre/bmt-data/genomics/projects/lussana/bpnet_model_training/local/src/meme-5.1.1/scripts/meme_xml_to_html line 48.
Warning: meme_xml_to_html exited abnormally and may have failed to create HTML output.
-------------------------------------------------------------------------------
meme exited with value 1 indicating failure.
FAILED!
*******************************************************************************
Test meme17 ...
meme -p 4 common/Klf1-200-100.fa -oc results/meme17 -mod zoops -dna -revcomp -brief 0 -nmotifs 2 -objfun de -w 12 -hsfrac 0.6 -shuf 3 -nostatus &> log
Option '-p' given but Parallel MEME not configured. Running Serial MEME.
Can't locate XML/Parser/Expat.pm in @INC (@INC contains: /lustre/bmt-data/genomics/projects/lussana/bpnet_model_training/local/src/meme-5.1.1/scripts /home/hgallu/meme/lib/meme-5.1.1/perl /lustre/bmt-data/genomics/projects/lussana/bpnet_model_training/local/src/meme-5.1.1/scripts /usr/local/lib64/perl5 /usr/local/share/perl5 /usr/lib64/perl5/vendor_perl /usr/share/perl5/vendor_perl /usr/lib64/perl5 /usr/share/perl5 .) at /lustre/bmt-data/genomics/projects/lussana/bpnet_model_training/local/src/meme-5.1.1/scripts/CheckingSAX.pm line 12.
BEGIN failed--compilation aborted at /lustre/bmt-data/genomics/projects/lussana/bpnet_model_training/local/src/meme-5.1.1/scripts/CheckingSAX.pm line 12.
Compilation failed in require at (eval 13) line 2.
	...propagated at /usr/share/perl5/base.pm line 84.
BEGIN failed--compilation aborted at /lustre/bmt-data/genomics/projects/lussana/bpnet_model_training/local/src/meme-5.1.1/scripts/MemeSAX.pm line 3.
Compilation failed in require at /lustre/bmt-data/genomics/projects/lussana/bpnet_model_training/local/src/meme-5.1.1/scripts/meme_xml_to_html line 48.
Warning: meme_xml_to_html exited abnormally and may have failed to create HTML output.
-------------------------------------------------------------------------------
meme exited with value 1 indicating failure.
FAILED!
*******************************************************************************
Test meme18 ...
meme -p 4 common/Klf1-200-100.fa -oc results/meme18 -mod anr -dna -revcomp -brief 0 -nmotifs 2 -objfun de -w 12 -hsfrac 0.6 -shuf 3 -nostatus &> log
Option '-p' given but Parallel MEME not configured. Running Serial MEME.
Can't locate XML/Parser/Expat.pm in @INC (@INC contains: /lustre/bmt-data/genomics/projects/lussana/bpnet_model_training/local/src/meme-5.1.1/scripts /home/hgallu/meme/lib/meme-5.1.1/perl /lustre/bmt-data/genomics/projects/lussana/bpnet_model_training/local/src/meme-5.1.1/scripts /usr/local/lib64/perl5 /usr/local/share/perl5 /usr/lib64/perl5/vendor_perl /usr/share/perl5/vendor_perl /usr/lib64/perl5 /usr/share/perl5 .) at /lustre/bmt-data/genomics/projects/lussana/bpnet_model_training/local/src/meme-5.1.1/scripts/CheckingSAX.pm line 12.
BEGIN failed--compilation aborted at /lustre/bmt-data/genomics/projects/lussana/bpnet_model_training/local/src/meme-5.1.1/scripts/CheckingSAX.pm line 12.
Compilation failed in require at (eval 13) line 2.
	...propagated at /usr/share/perl5/base.pm line 84.
BEGIN failed--compilation aborted at /lustre/bmt-data/genomics/projects/lussana/bpnet_model_training/local/src/meme-5.1.1/scripts/MemeSAX.pm line 3.
Compilation failed in require at /lustre/bmt-data/genomics/projects/lussana/bpnet_model_training/local/src/meme-5.1.1/scripts/meme_xml_to_html line 48.
Warning: meme_xml_to_html exited abnormally and may have failed to create HTML output.
-------------------------------------------------------------------------------
meme exited with value 1 indicating failure.
FAILED!
*******************************************************************************
Test meme_psp ...
meme -p 4 common/psp_test.s -oc results/meme19 -psp common/psp_test.psp -minsites 5 -dna -revcomp -minw 7 -maxw 12 -nostatus -searchsize 0 &> log
Option '-p' given but Parallel MEME not configured. Running Serial MEME.
Can't locate XML/Parser/Expat.pm in @INC (@INC contains: /lustre/bmt-data/genomics/projects/lussana/bpnet_model_training/local/src/meme-5.1.1/scripts /home/hgallu/meme/lib/meme-5.1.1/perl /lustre/bmt-data/genomics/projects/lussana/bpnet_model_training/local/src/meme-5.1.1/scripts /usr/local/lib64/perl5 /usr/local/share/perl5 /usr/lib64/perl5/vendor_perl /usr/share/perl5/vendor_perl /usr/lib64/perl5 /usr/share/perl5 .) at /lustre/bmt-data/genomics/projects/lussana/bpnet_model_training/local/src/meme-5.1.1/scripts/CheckingSAX.pm line 12.
BEGIN failed--compilation aborted at /lustre/bmt-data/genomics/projects/lussana/bpnet_model_training/local/src/meme-5.1.1/scripts/CheckingSAX.pm line 12.
Compilation failed in require at (eval 13) line 2.
	...propagated at /usr/share/perl5/base.pm line 84.
BEGIN failed--compilation aborted at /lustre/bmt-data/genomics/projects/lussana/bpnet_model_training/local/src/meme-5.1.1/scripts/MemeSAX.pm line 3.
Compilation failed in require at /lustre/bmt-data/genomics/projects/lussana/bpnet_model_training/local/src/meme-5.1.1/scripts/meme_xml_to_html line 48.
Warning: meme_xml_to_html exited abnormally and may have failed to create HTML output.
-------------------------------------------------------------------------------
meme exited with value 1 indicating failure.
FAILED!

RUN: meme-chip
==============

*******************************************************************************
Test meme-chip1 ...
meme-chip -oc results/meme-chip1 -db meme-chip/JASPAR_CORE_2014_vertebrates.meme meme-chip/Klf1.100.fa &> log
Can't locate XML/Simple.pm in @INC (@INC contains: /lustre/bmt-data/genomics/projects/lussana/bpnet_model_training/local/src/meme-5.1.1/scripts /usr/local/lib64/perl5 /usr/local/share/perl5 /usr/lib64/perl5/vendor_perl /usr/share/perl5/vendor_perl /usr/lib64/perl5 /usr/share/perl5 .) at /lustre/bmt-data/genomics/projects/lussana/bpnet_model_training/local/src/meme-5.1.1/scripts/meme-chip line 113.
BEGIN failed--compilation aborted at /lustre/bmt-data/genomics/projects/lussana/bpnet_model_training/local/src/meme-5.1.1/scripts/meme-chip line 113.
-------------------------------------------------------------------------------
meme-chip exited with value 2 indicating failure.
FAILED!

RUN: momo
=========

*******************************************************************************
Test momo1 ...
momo simple --oc results/momo1 --sequence-column sequence /lustre/bmt-data/genomics/projects/lussana/bpnet_model_training/local/src/meme-5.1.1/tests/momo/small-tide-mod.txt &> log
reference /lustre/bmt-data/genomics/projects/lussana/bpnet_model_training/local/src/meme-5.1.1/tests/momo/default-no-fasta.txt output results/momo1/momo.txt
reference /lustre/bmt-data/genomics/projects/lussana/bpnet_model_training/local/src/meme-5.1.1/tests/momo/default-no-fasta.html output results/momo1/momo.html
reference /lustre/bmt-data/genomics/projects/lussana/bpnet_model_training/local/src/meme-5.1.1/tests/momo/default-no-fasta.tsv output results/momo1/momo.tsv
PASSED!
*******************************************************************************
Test momo2 ...
momo simple --oc results/momo2 --psm-type tide --protein-database /lustre/bmt-data/genomics/projects/lussana/bpnet_model_training/local/src/meme-5.1.1/tests/momo/small-yeast.fasta --width 11 /lustre/bmt-data/genomics/projects/lussana/bpnet_model_training/local/src/meme-5.1.1/tests/momo/small-tide-mod.txt &> log
reference /lustre/bmt-data/genomics/projects/lussana/bpnet_model_training/local/src/meme-5.1.1/tests/momo/default-with-fasta.txt output results/momo2/momo.txt
reference /lustre/bmt-data/genomics/projects/lussana/bpnet_model_training/local/src/meme-5.1.1/tests/momo/default-with-fasta.html output results/momo2/momo.html
reference /lustre/bmt-data/genomics/projects/lussana/bpnet_model_training/local/src/meme-5.1.1/tests/momo/default-with-fasta.tsv output results/momo2/momo.tsv
PASSED!
*******************************************************************************
Test momo3 ...
momo simple --oc results/momo3 --psm-type tide --single-motif-per-mass /lustre/bmt-data/genomics/projects/lussana/bpnet_model_training/local/src/meme-5.1.1/tests/momo/small-tide-mod.txt &> log
reference /lustre/bmt-data/genomics/projects/lussana/bpnet_model_training/local/src/meme-5.1.1/tests/momo/single-motif-per-mass.txt output results/momo3/momo.txt
reference /lustre/bmt-data/genomics/projects/lussana/bpnet_model_training/local/src/meme-5.1.1/tests/momo/single-motif-per-mass.html output results/momo3/momo.html
reference /lustre/bmt-data/genomics/projects/lussana/bpnet_model_training/local/src/meme-5.1.1/tests/momo/single-motif-per-mass.tsv output results/momo3/momo.tsv
PASSED!
*******************************************************************************
Test momo4 ...
momo simple --oc results/momo4 --psm-type tide --protein-database /lustre/bmt-data/genomics/projects/lussana/bpnet_model_training/local/src/meme-5.1.1/tests/momo/small-yeast.fasta --width 11 --hash-fasta 0 /lustre/bmt-data/genomics/projects/lussana/bpnet_model_training/local/src/meme-5.1.1/tests/momo/small-tide-mod.txt &> log
reference /lustre/bmt-data/genomics/projects/lussana/bpnet_model_training/local/src/meme-5.1.1/tests/momo/default-with-fasta.txt output results/momo4/momo.txt
reference /lustre/bmt-data/genomics/projects/lussana/bpnet_model_training/local/src/meme-5.1.1/tests/momo/default-with-fasta.html output results/momo4/momo.html
reference /lustre/bmt-data/genomics/projects/lussana/bpnet_model_training/local/src/meme-5.1.1/tests/momo/default-with-fasta.tsv output results/momo4/momo.tsv
PASSED!
*******************************************************************************
Test momo5 ...
momo simple --oc results/momo5 --psm-type tide --eliminate-repeats 3 --protein-database /lustre/bmt-data/genomics/projects/lussana/bpnet_model_training/local/src/meme-5.1.1/tests/momo/small-yeast.fasta /lustre/bmt-data/genomics/projects/lussana/bpnet_model_training/local/src/meme-5.1.1/tests/momo/small-tide-mod.txt &> log
reference /lustre/bmt-data/genomics/projects/lussana/bpnet_model_training/local/src/meme-5.1.1/tests/momo/elim3.txt output results/momo5/momo.txt
reference /lustre/bmt-data/genomics/projects/lussana/bpnet_model_training/local/src/meme-5.1.1/tests/momo/elim3.html output results/momo5/momo.html
reference /lustre/bmt-data/genomics/projects/lussana/bpnet_model_training/local/src/meme-5.1.1/tests/momo/elim3.tsv output results/momo5/momo.tsv
PASSED!
*******************************************************************************
Test momo6 ...
momo simple --oc results/momo6 --psm-type tide --eliminate-repeats 0 /lustre/bmt-data/genomics/projects/lussana/bpnet_model_training/local/src/meme-5.1.1/tests/momo/small-tide-mod.txt &> log
reference /lustre/bmt-data/genomics/projects/lussana/bpnet_model_training/local/src/meme-5.1.1/tests/momo/elim0.txt output results/momo6/momo.txt
reference /lustre/bmt-data/genomics/projects/lussana/bpnet_model_training/local/src/meme-5.1.1/tests/momo/elim0.html output results/momo6/momo.html
reference /lustre/bmt-data/genomics/projects/lussana/bpnet_model_training/local/src/meme-5.1.1/tests/momo/elim0.tsv output results/momo6/momo.tsv
PASSED!
*******************************************************************************
Test momo7 ...
momo simple --oc results/momo7 --psm-type tide --filter "xcorr rank,le,3" /lustre/bmt-data/genomics/projects/lussana/bpnet_model_training/local/src/meme-5.1.1/tests/momo/small-tide-mod.txt &> log
reference /lustre/bmt-data/genomics/projects/lussana/bpnet_model_training/local/src/meme-5.1.1/tests/momo/filterxcorrrankle3.txt output results/momo7/momo.txt
reference /lustre/bmt-data/genomics/projects/lussana/bpnet_model_training/local/src/meme-5.1.1/tests/momo/filterxcorrrankle3.html output results/momo7/momo.html
reference /lustre/bmt-data/genomics/projects/lussana/bpnet_model_training/local/src/meme-5.1.1/tests/momo/filterxcorrrankle3.tsv output results/momo7/momo.tsv
PASSED!
*******************************************************************************
Test momo8 ...
momo simple --oc results/momo8 --protein-database /lustre/bmt-data/genomics/projects/lussana/bpnet_model_training/local/src/meme-5.1.1/tests/momo/small-yeast.fasta /lustre/bmt-data/genomics/projects/lussana/bpnet_model_training/local/src/meme-5.1.1/tests/momo/small-tide-mod-phospho.txt &> log
reference /lustre/bmt-data/genomics/projects/lussana/bpnet_model_training/local/src/meme-5.1.1/tests/momo/default-with-fasta-no-mass-in-motif-names-raw.txt output results/momo8/momo.txt
reference /lustre/bmt-data/genomics/projects/lussana/bpnet_model_training/local/src/meme-5.1.1/tests/momo/default-with-fasta-no-mass-in-motif-names-raw.html output results/momo8/momo.html
reference /lustre/bmt-data/genomics/projects/lussana/bpnet_model_training/local/src/meme-5.1.1/tests/momo/default-with-fasta-no-mass-in-motif-names-raw.tsv output results/momo8/momo.tsv
PASSED!
*******************************************************************************
Test momo9 ...
momo simple --oc results/momo9 --protein-database /lustre/bmt-data/genomics/projects/lussana/bpnet_model_training/local/src/meme-5.1.1/tests/momo/small-yeast.fasta /lustre/bmt-data/genomics/projects/lussana/bpnet_model_training/local/src/meme-5.1.1/tests/momo/small-tide-mod-phospho.fasta &> log
reference /lustre/bmt-data/genomics/projects/lussana/bpnet_model_training/local/src/meme-5.1.1/tests/momo/default-with-fasta-no-mass-in-motif-names-fasta.txt output results/momo9/momo.txt
reference /lustre/bmt-data/genomics/projects/lussana/bpnet_model_training/local/src/meme-5.1.1/tests/momo/default-with-fasta-no-mass-in-motif-names-fasta.html output results/momo9/momo.html
reference /lustre/bmt-data/genomics/projects/lussana/bpnet_model_training/local/src/meme-5.1.1/tests/momo/default-with-fasta-no-mass-in-motif-names-fasta.tsv output results/momo9/momo.tsv
PASSED!
*******************************************************************************
Test momo10 ...
momo simple --oc results/momo10 --psm-type tide /lustre/bmt-data/genomics/projects/lussana/bpnet_model_training/local/src/meme-5.1.1/tests/momo/small-tide-mod-1-out-of-2.txt /lustre/bmt-data/genomics/projects/lussana/bpnet_model_training/local/src/meme-5.1.1/tests/momo/small-tide-mod-2-out-of-2.txt &> log
reference /lustre/bmt-data/genomics/projects/lussana/bpnet_model_training/local/src/meme-5.1.1/tests/momo/default-no-fasta-multi.txt output results/momo10/momo.txt
reference /lustre/bmt-data/genomics/projects/lussana/bpnet_model_training/local/src/meme-5.1.1/tests/momo/default-no-fasta-multi.html output results/momo10/momo.html
reference /lustre/bmt-data/genomics/projects/lussana/bpnet_model_training/local/src/meme-5.1.1/tests/momo/default-no-fasta-multi.tsv output results/momo10/momo.tsv
PASSED!
*******************************************************************************
Test momo11 ...
momo motifx --oc results/momo11 --psm-type tide --protein-database /lustre/bmt-data/genomics/projects/lussana/bpnet_model_training/local/src/meme-5.1.1/tests/momo/small-yeast.fasta --score-threshold 0.05 --min-occurrences 1 --harvard --seed 273 /lustre/bmt-data/genomics/projects/lussana/bpnet_model_training/local/src/meme-5.1.1/tests/momo/small-tide-mod.txt &> log
reference /lustre/bmt-data/genomics/projects/lussana/bpnet_model_training/local/src/meme-5.1.1/tests/momo/mtfx-s0.05-c1.txt output results/momo11/momo.txt
reference /lustre/bmt-data/genomics/projects/lussana/bpnet_model_training/local/src/meme-5.1.1/tests/momo/mtfx-s0.05-c1.html output results/momo11/momo.html
reference /lustre/bmt-data/genomics/projects/lussana/bpnet_model_training/local/src/meme-5.1.1/tests/momo/mtfx-s0.05-c1.tsv output results/momo11/momo.tsv
PASSED!
*******************************************************************************
Test momo12 ...
momo motifx --oc results/momo12 --psm-type tide --db-background --protein-database /lustre/bmt-data/genomics/projects/lussana/bpnet_model_training/local/src/meme-5.1.1/tests/momo/small-yeast.fasta --score-threshold 0.05 --min-occurrences 1 --single-motif-per-mass --harvard /lustre/bmt-data/genomics/projects/lussana/bpnet_model_training/local/src/meme-5.1.1/tests/momo/small-tide-mod.txt &> log
reference /lustre/bmt-data/genomics/projects/lussana/bpnet_model_training/local/src/meme-5.1.1/tests/momo/mtfx-s0.05-c1-smpmT.txt output results/momo12/momo.txt
reference /lustre/bmt-data/genomics/projects/lussana/bpnet_model_training/local/src/meme-5.1.1/tests/momo/mtfx-s0.05-c1-smpmT.html output results/momo12/momo.html
reference /lustre/bmt-data/genomics/projects/lussana/bpnet_model_training/local/src/meme-5.1.1/tests/momo/mtfx-s0.05-c1-smpmT.tsv output results/momo12/momo.tsv
PASSED!
*******************************************************************************
Test momo13 ...
momo motifx --oc results/momo13 --db-background --protein-database /lustre/bmt-data/genomics/projects/lussana/bpnet_model_training/local/src/meme-5.1.1/tests/momo/small-yeast.fasta --score-threshold 0.05 --min-occurrences 1 /lustre/bmt-data/genomics/projects/lussana/bpnet_model_training/local/src/meme-5.1.1/tests/momo/small-tide-mod-phospho.txt &> log
reference /lustre/bmt-data/genomics/projects/lussana/bpnet_model_training/local/src/meme-5.1.1/tests/momo/mtfx-s0.05-c1-no-mass-in-motif-names.txt output results/momo13/momo.txt
reference /lustre/bmt-data/genomics/projects/lussana/bpnet_model_training/local/src/meme-5.1.1/tests/momo/mtfx-s0.05-c1-no-mass-in-motif-names.html output results/momo13/momo.html
reference /lustre/bmt-data/genomics/projects/lussana/bpnet_model_training/local/src/meme-5.1.1/tests/momo/mtfx-s0.05-c1-no-mass-in-motif-names.tsv output results/momo13/momo.tsv
PASSED!
*******************************************************************************
Test momo14 ...
momo motifx --oc results/momo14 --db-background --protein-database /lustre/bmt-data/genomics/projects/lussana/bpnet_model_training/local/src/meme-5.1.1/tests/momo/small-yeast-prealigned-no-unknowns.txt --score-threshold 0.05 --min-occurrences 1 /lustre/bmt-data/genomics/projects/lussana/bpnet_model_training/local/src/meme-5.1.1/tests/momo/small-tide-mod-phospho.txt &> log
reference /lustre/bmt-data/genomics/projects/lussana/bpnet_model_training/local/src/meme-5.1.1/tests/momo/mtfx-s0.05-c1-no-mass-in-motif-names-bg-kmers-only-bgfreqs.txt output results/momo14/momo.txt
reference /lustre/bmt-data/genomics/projects/lussana/bpnet_model_training/local/src/meme-5.1.1/tests/momo/mtfx-s0.05-c1-no-mass-in-motif-names-bg-kmers-only-bgfreqs.html output results/momo14/momo.html
reference /lustre/bmt-data/genomics/projects/lussana/bpnet_model_training/local/src/meme-5.1.1/tests/momo/mtfx-s0.05-c1-no-mass-in-motif-names-bg-kmers-only-bgfreqs.tsv output results/momo14/momo.tsv
PASSED!
*******************************************************************************
Test momo15 ...
momo simple --oc results/momo15 --psm-type ms-gf+ --sequence-column Peptide /lustre/bmt-data/genomics/projects/lussana/bpnet_model_training/local/src/meme-5.1.1/tests/momo/small-msgf-mod.txt &> log
reference /lustre/bmt-data/genomics/projects/lussana/bpnet_model_training/local/src/meme-5.1.1/tests/momo/default-msgf-no-fasta.txt output results/momo15/momo.txt
reference /lustre/bmt-data/genomics/projects/lussana/bpnet_model_training/local/src/meme-5.1.1/tests/momo/default-msgf-no-fasta.html output results/momo15/momo.html
reference /lustre/bmt-data/genomics/projects/lussana/bpnet_model_training/local/src/meme-5.1.1/tests/momo/default-msgf-no-fasta.tsv output results/momo15/momo.tsv
PASSED!
*******************************************************************************
Test momo16 ...
momo simple --oc results/momo16 --psm-type comet --sequence-column "modified sequence" /lustre/bmt-data/genomics/projects/lussana/bpnet_model_training/local/src/meme-5.1.1/tests/momo/small-comet-mod.txt &> log
reference /lustre/bmt-data/genomics/projects/lussana/bpnet_model_training/local/src/meme-5.1.1/tests/momo/default-comet-no-fasta.txt output results/momo16/momo.txt
reference /lustre/bmt-data/genomics/projects/lussana/bpnet_model_training/local/src/meme-5.1.1/tests/momo/default-comet-no-fasta.html output results/momo16/momo.html
reference /lustre/bmt-data/genomics/projects/lussana/bpnet_model_training/local/src/meme-5.1.1/tests/momo/default-comet-no-fasta.tsv output results/momo16/momo.tsv
PASSED!
*******************************************************************************
Test momo17 ...
momo modl --oc results/momo17 --psm-type tide --protein-database /lustre/bmt-data/genomics/projects/lussana/bpnet_model_training/local/src/meme-5.1.1/tests/momo/small-yeast.fasta /lustre/bmt-data/genomics/projects/lussana/bpnet_model_training/local/src/meme-5.1.1/tests/momo/small-tide-mod.txt &> log
reference /lustre/bmt-data/genomics/projects/lussana/bpnet_model_training/local/src/meme-5.1.1/tests/momo/modl-default.txt output results/momo17/momo.txt
reference /lustre/bmt-data/genomics/projects/lussana/bpnet_model_training/local/src/meme-5.1.1/tests/momo/modl-default.html output results/momo17/momo.html
reference /lustre/bmt-data/genomics/projects/lussana/bpnet_model_training/local/src/meme-5.1.1/tests/momo/modl-default.tsv output results/momo17/momo.tsv
PASSED!
*******************************************************************************
Test momo18 ...
momo modl --oc results/momo18 --psm-type tide --db-background --remove-unknowns T --protein-database /lustre/bmt-data/genomics/projects/lussana/bpnet_model_training/local/src/meme-5.1.1/tests/momo/small-yeast.fasta /lustre/bmt-data/genomics/projects/lussana/bpnet_model_training/local/src/meme-5.1.1/tests/momo/small-tide-mod.txt &> log
reference /lustre/bmt-data/genomics/projects/lussana/bpnet_model_training/local/src/meme-5.1.1/tests/momo/modl-db-background.txt output results/momo18/momo.txt
reference /lustre/bmt-data/genomics/projects/lussana/bpnet_model_training/local/src/meme-5.1.1/tests/momo/modl-db-background.html output results/momo18/momo.html
reference /lustre/bmt-data/genomics/projects/lussana/bpnet_model_training/local/src/meme-5.1.1/tests/momo/modl-db-background.tsv output results/momo18/momo.tsv
PASSED!

RUN: motiph
===========

*******************************************************************************
Test motiph1 ...
motiph --seed 0 --bg 2 --pseudocount 0.01 --oc results/motiph1 motiph/spiked.aln motiph/yeast.tree motiph/MCM1.meme.html &> log
Using motif +1 of width 13.
Read alignment from motiph/spiked.aln.
Trimmed tree: (Sbay:0.33300,(Smik:0.21600,(Spar:0.10500,Scer:0.14600):0.07700):0.08600);
Computing q-values.
  Estimating pi_0 from all 879 observed p-values.
  Estimating pi_0.
  Estimated pi_0=0.859743
Using motif -1 of width 13.
Read alignment from motiph/spiked.aln.
Trimmed tree: (Sbay:0.33300,(Smik:0.21600,(Spar:0.10500,Scer:0.14600):0.07700):0.08600);
Computing q-values.
  Estimating pi_0 from all 879 observed p-values.
  Estimating pi_0.
  Estimated pi_0=0.812612
Total number of positions scored: 1758
reference /lustre/bmt-data/genomics/projects/lussana/bpnet_model_training/local/src/meme-5.1.1/tests/motiph/motiph.gff output results/motiph1/motiph.txt
PASSED!
*******************************************************************************
Test motiph2 ...
motiph --seed 0 --bg 2 --pseudocount 0.01 --oc results/motiph2 --output-pthresh 1 --motif CGGYGGGG --motif GCATCRGRBSAGA motiph/spiked.aln motiph/yeast.tree common/crp0.meme.html &> log
Using motif +CGGYGGGG of width 8.
Read alignment from motiph/spiked.aln.
Trimmed tree: (Sbay:0.33300,(Smik:0.21600,(Spar:0.10500,Scer:0.14600):0.07700):0.08600);
Computing q-values.
  Estimating pi_0 from all 1243 observed p-values.
  Estimating pi_0.
  Estimated pi_0=1
Using motif -CGGYGGGG of width 8.
Read alignment from motiph/spiked.aln.
Trimmed tree: (Sbay:0.33300,(Smik:0.21600,(Spar:0.10500,Scer:0.14600):0.07700):0.08600);
Computing q-values.
  Estimating pi_0 from all 1243 observed p-values.
  Estimating pi_0.
  Estimated pi_0=1
Using motif +GCATCRGRBSAGA of width 13.
Read alignment from motiph/spiked.aln.
Trimmed tree: (Sbay:0.33300,(Smik:0.21600,(Spar:0.10500,Scer:0.14600):0.07700):0.08600);
Computing q-values.
  Estimating pi_0 from all 879 observed p-values.
  Estimating pi_0.
  Estimated pi_0=0.976836
Using motif -GCATCRGRBSAGA of width 13.
Read alignment from motiph/spiked.aln.
Trimmed tree: (Sbay:0.33300,(Smik:0.21600,(Spar:0.10500,Scer:0.14600):0.07700):0.08600);
Computing q-values.
  Estimating pi_0 from all 879 observed p-values.
  Estimating pi_0.
  Estimated pi_0=0.993591
Total number of positions scored: 4244
reference /lustre/bmt-data/genomics/projects/lussana/bpnet_model_training/local/src/meme-5.1.1/tests/motiph/motiph-motif23.gff output results/motiph2/motiph.txt
PASSED!

RUN: pspgen
===========

*******************************************************************************
Test psp-gen1 ...
psp-gen -revcomp -pos /lustre/bmt-data/genomics/projects/lussana/bpnet_model_training/local/src/meme-5.1.1/tests/psp-gen/one-peak-dna.fasta -neg /lustre/bmt-data/genomics/projects/lussana/bpnet_model_training/local/src/meme-5.1.1/tests/psp-gen/all-A.fasta 1> results/pspgen1/psp-gen_grm1d_stdout 2> log
reference /lustre/bmt-data/genomics/projects/lussana/bpnet_model_training/local/src/meme-5.1.1/tests/psp-gen/one-peak-dna-revcomp.psp output results/pspgen1/psp-gen_grm1d_stdout
PASSED!
*******************************************************************************
Test psp-gen2 ...
psp-gen -protein -maxrange -triples -pos /lustre/bmt-data/genomics/projects/lussana/bpnet_model_training/local/src/meme-5.1.1/tests/psp-gen/one-peak-protein.fasta -neg /lustre/bmt-data/genomics/projects/lussana/bpnet_model_training/local/src/meme-5.1.1/tests/psp-gen/all-A.fasta 1> results/pspgen2/psp-gen_vNMA7_stdout 2> log
reference /lustre/bmt-data/genomics/projects/lussana/bpnet_model_training/local/src/meme-5.1.1/tests/psp-gen/one-peak-protein.psp output results/pspgen2/psp-gen_vNMA7_stdout
PASSED!
*******************************************************************************
Test psp-gen3 ...
psp-gen -alph common/extended_dna.alph -revcomp -pos /lustre/bmt-data/genomics/projects/lussana/bpnet_model_training/local/src/meme-5.1.1/tests/psp-gen/one-peak-dna.fasta -neg /lustre/bmt-data/genomics/projects/lussana/bpnet_model_training/local/src/meme-5.1.1/tests/psp-gen/all-A.fasta 1> results/pspgen1/psp-gen_46IDE_stdout 2> log
reference /lustre/bmt-data/genomics/projects/lussana/bpnet_model_training/local/src/meme-5.1.1/tests/psp-gen/one-peak-dna-revcomp.psp output results/pspgen1/psp-gen_46IDE_stdout
PASSED!

RUN: qvalue
===========

*******************************************************************************
Test qvalue1 ...
qvalue --header 1 --append --column 2 --seed 7718 /lustre/bmt-data/genomics/projects/lussana/bpnet_model_training/local/src/meme-5.1.1/tests/qvalue/uniform.txt 1> results/qvalue1/qvalue_Ve631_stdout 2> log
Read 1000 values from /lustre/bmt-data/genomics/projects/lussana/bpnet_model_training/local/src/meme-5.1.1/tests/qvalue/uniform.txt.
reference /lustre/bmt-data/genomics/projects/lussana/bpnet_model_training/local/src/meme-5.1.1/tests/qvalue/uniform.out output results/qvalue1/qvalue_Ve631_stdout
PASSED!
*******************************************************************************
Test qvalue2 ...
qvalue --null /lustre/bmt-data/genomics/projects/lussana/bpnet_model_training/local/src/meme-5.1.1/tests/qvalue/null.txt /lustre/bmt-data/genomics/projects/lussana/bpnet_model_training/local/src/meme-5.1.1/tests/qvalue/observed.txt 1> results/qvalue2/qvalue_XjMCe_stdout 2> log
Read 5 values from /lustre/bmt-data/genomics/projects/lussana/bpnet_model_training/local/src/meme-5.1.1/tests/qvalue/observed.txt.
Read 10 values from /lustre/bmt-data/genomics/projects/lussana/bpnet_model_training/local/src/meme-5.1.1/tests/qvalue/null.txt.
Converting scores to p-values.
reference /lustre/bmt-data/genomics/projects/lussana/bpnet_model_training/local/src/meme-5.1.1/tests/qvalue/observed.out output results/qvalue2/qvalue_XjMCe_stdout
PASSED!

RUN: spamo
==========

*******************************************************************************
Test spamo1 ...
spamo -oc results/spamo1 -verbosity 1 -margin 20 -shared 1 -bgfile --uniform-- /lustre/bmt-data/genomics/projects/lussana/bpnet_model_training/local/src/meme-5.1.1/tests/spamo/limits.fasta /lustre/bmt-data/genomics/projects/lussana/bpnet_model_training/local/src/meme-5.1.1/tests/spamo/primary.meme /lustre/bmt-data/genomics/projects/lussana/bpnet_model_training/local/src/meme-5.1.1/tests/spamo/secondary.meme &> log
reference /lustre/bmt-data/genomics/projects/lussana/bpnet_model_training/local/src/meme-5.1.1/tests/spamo/limits.html output results/spamo1/spamo.html
reference /lustre/bmt-data/genomics/projects/lussana/bpnet_model_training/local/src/meme-5.1.1/tests/spamo/limits.tsv output results/spamo1/spamo.tsv
PASSED!
*******************************************************************************
Test spamo2 ...
spamo -oc results/spamo2 -verbosity 1 -margin 20 -shared 1 -bgfile --motif-- /lustre/bmt-data/genomics/projects/lussana/bpnet_model_training/local/src/meme-5.1.1/tests/spamo/random.fasta /lustre/bmt-data/genomics/projects/lussana/bpnet_model_training/local/src/meme-5.1.1/tests/spamo/primary.meme /lustre/bmt-data/genomics/projects/lussana/bpnet_model_training/local/src/meme-5.1.1/tests/spamo/secondary.meme &> log
reference /lustre/bmt-data/genomics/projects/lussana/bpnet_model_training/local/src/meme-5.1.1/tests/spamo/random.html output results/spamo2/spamo.html
reference /lustre/bmt-data/genomics/projects/lussana/bpnet_model_training/local/src/meme-5.1.1/tests/spamo/random.tsv output results/spamo2/spamo.tsv
PASSED!
*******************************************************************************
Test spamo3 ...
spamo -oc results/spamo3 -verbosity 3 -xalph -primary TGCm1C -keepprimary -margin 20 -shared 1 -inc MA00\* -inc T\* -exc MA007\* common/dna_with_covalent.fa common/dna_with_covalent.meme common/Jaspar-subset.meme common/dna_with_covalent.meme common/dna_with_covalent.meme &> log
The output directory 'results/spamo3' already exists.
Its contents will be overwritten.
Loading Primary Motif (name=TGCm1C)
Loading All Sequences
Loaded 2499 Sequences
Determining Best Primary Matches
Eliminating Sequences Without Primary Matches
Eliminated 1553 Sequences Without Primary Match
Trimming Sequences
Freeing Unneeded Sequences
Loading Secondary Motifs from file 'common/Jaspar-subset.meme'
Discarding motif 'MA0140.1' in 'common/Jaspar-subset.meme' because it did not match any -inc pattern.
Discarding motif 'MA0079.1' in 'common/Jaspar-subset.meme' it matched an -exc pattern.
Discarding motif 'MA0079.2' in 'common/Jaspar-subset.meme' it matched an -exc pattern.
Discarding motif 'MA0163.1' in 'common/Jaspar-subset.meme' because it did not match any -inc pattern.
Discarding motif 'MA0270.1' in 'common/Jaspar-subset.meme' because it did not match any -inc pattern.
Discarding motif 'MA0300.1' in 'common/Jaspar-subset.meme' because it did not match any -inc pattern.
Discarding motif 'MA0309.1' in 'common/Jaspar-subset.meme' because it did not match any -inc pattern.
Discarding motif 'MA0443.1' in 'common/Jaspar-subset.meme' because it did not match any -inc pattern.
Loading Secondary Motifs from file 'common/dna_with_covalent.meme'
Discarding motif 'CCTTCC' in 'common/dna_with_covalent.meme' because it did not match any -inc pattern.
Discarding motif 'GCAGCA' in 'common/dna_with_covalent.meme' because it did not match any -inc pattern.
Discarding motif 'GCAm1C' in 'common/dna_with_covalent.meme' because it did not match any -inc pattern.
Discarding motif 'GCAm7C' in 'common/dna_with_covalent.meme' because it did not match any -inc pattern.
Discarding motif 'GCm1C1' in 'common/dna_with_covalent.meme' because it did not match any -inc pattern.
Discarding motif 'Gm1TGC' in 'common/dna_with_covalent.meme' because it did not match any -inc pattern.
Discarding motif 'Gm7GCA' in 'common/dna_with_covalent.meme' because it did not match any -inc pattern.
Discarding motif 'TGCmGC' in file 'common/dna_with_covalent.meme' (non-unique ID).
Warning: The following secondary motifs in 'common/dna_with_covalent.meme' were excluded as they didn't fit in the margin:
   Tm1m1m1m1m1m1m1m1m1m1m1m1
Loading Secondary Motifs from file 'common/dna_with_covalent.meme'
Discarding motif 'CCTTCC' in 'common/dna_with_covalent.meme' because it did not match any -inc pattern.
Discarding motif 'GCAGCA' in 'common/dna_with_covalent.meme' because it did not match any -inc pattern.
Discarding motif 'GCAm1C' in 'common/dna_with_covalent.meme' because it did not match any -inc pattern.
Discarding motif 'GCAm7C' in 'common/dna_with_covalent.meme' because it did not match any -inc pattern.
Discarding motif 'GCm1C1' in 'common/dna_with_covalent.meme' because it did not match any -inc pattern.
Discarding motif 'Gm1TGC' in 'common/dna_with_covalent.meme' because it did not match any -inc pattern.
Discarding motif 'Gm7GCA' in 'common/dna_with_covalent.meme' because it did not match any -inc pattern.
Discarding motif 'TGCmGC' in file 'common/dna_with_covalent.meme' (non-unique ID).
Warning: The following duplicate secondary motifs in 'common/dna_with_covalent.meme' were excluded:
   TGCmGC TGCm1C
Warning: The following secondary motifs in 'common/dna_with_covalent.meme' were excluded as they didn't fit in the margin:
   Tm1m1m1m1m1m1m1m1m1m1m1m1
Scanning For Secondary Matches
Scanned 20% Scanned 40% Scanned 60% Scanned 80% Scanned 100% 
Sorting Significant Secondary Motifs
Grouping Redundant Secondary Motifs
Outputting TSV
run_time cpu=  0.25 real=  0.00
reference /lustre/bmt-data/genomics/projects/lussana/bpnet_model_training/local/src/meme-5.1.1/tests/spamo/dna_with_covalent.html output results/spamo3/spamo.html
reference /lustre/bmt-data/genomics/projects/lussana/bpnet_model_training/local/src/meme-5.1.1/tests/spamo/dna_with_covalent.tsv output results/spamo3/spamo.tsv
PASSED!
*******************************************************************************
Test spamo4 ...
spamo -oc results/spamo4 -verbosity 1 -margin 20 -shared 1 -bgfile --uniform-- -dumpseqs -primary MA0039.2 -keepprimary -inc MA0039.2 -inc MA0140.1 common/Klf1.fa common/Jaspar-subset.meme common/Jaspar-subset.meme &> log
reference /lustre/bmt-data/genomics/projects/lussana/bpnet_model_training/local/src/meme-5.1.1/tests/spamo/dumpseqs.html output results/spamo4/spamo.html
reference /lustre/bmt-data/genomics/projects/lussana/bpnet_model_training/local/src/meme-5.1.1/tests/spamo/dumpseqs.tsv output results/spamo4/spamo.tsv
reference /lustre/bmt-data/genomics/projects/lussana/bpnet_model_training/local/src/meme-5.1.1/tests/spamo/dumpseqs.seqs_MA0039.2_db1_MA0039.2.tsv output results/spamo4/seqs_MA0039.2_db1_MA0039.2.tsv
reference /lustre/bmt-data/genomics/projects/lussana/bpnet_model_training/local/src/meme-5.1.1/tests/spamo/dumpseqs.seqs_MA0039.2_db1_MA0140.1.tsv output results/spamo4/seqs_MA0039.2_db1_MA0140.1.tsv
PASSED!

RUN: tomtom
===========

*******************************************************************************
Test tomtom1 ...
tomtom -oc results/tomtom1 -verbosity 1 -evalue -thresh 10 -m TGCm1C -mi 3 -xalph -bfile common/dna_with_covalent.bg -dist allr common/dna_with_covalent.meme common/dna_with_covalent.meme common/Jaspar-subset.meme &> log
Can't locate XML/Parser/Expat.pm in @INC (@INC contains: /lustre/bmt-data/genomics/projects/lussana/bpnet_model_training/local/src/meme-5.1.1/scripts /usr/local/lib64/perl5 /usr/local/share/perl5 /usr/lib64/perl5/vendor_perl /usr/share/perl5/vendor_perl /usr/lib64/perl5 /usr/share/perl5 .) at /lustre/bmt-data/genomics/projects/lussana/bpnet_model_training/local/src/meme-5.1.1/scripts/tomtom_xml_to_html line 21.
BEGIN failed--compilation aborted at /lustre/bmt-data/genomics/projects/lussana/bpnet_model_training/local/src/meme-5.1.1/scripts/tomtom_xml_to_html line 21.
Warning: tomtom_xml_to_html exited abnormally and may have failed to create HTML output.
-------------------------------------------------------------------------------
tomtom exited with value 1 indicating failure.
FAILED!
*******************************************************************************
Test tomtom_allr ...
tomtom -verbosity 1 -dist allr -oc results/tomtom2 -incomplete-scores common/sample.meme common/sample.meme &> log
Can't locate XML/Parser/Expat.pm in @INC (@INC contains: /lustre/bmt-data/genomics/projects/lussana/bpnet_model_training/local/src/meme-5.1.1/scripts /usr/local/lib64/perl5 /usr/local/share/perl5 /usr/lib64/perl5/vendor_perl /usr/share/perl5/vendor_perl /usr/lib64/perl5 /usr/share/perl5 .) at /lustre/bmt-data/genomics/projects/lussana/bpnet_model_training/local/src/meme-5.1.1/scripts/tomtom_xml_to_html line 21.
BEGIN failed--compilation aborted at /lustre/bmt-data/genomics/projects/lussana/bpnet_model_training/local/src/meme-5.1.1/scripts/tomtom_xml_to_html line 21.
Warning: tomtom_xml_to_html exited abnormally and may have failed to create HTML output.
-------------------------------------------------------------------------------
tomtom exited with value 1 indicating failure.
FAILED!
*******************************************************************************
Test tomtom_ed ...
tomtom -verbosity 1 -dist ed -oc results/tomtom3 -incomplete-scores common/sample.meme common/sample.meme &> log
Can't locate XML/Parser/Expat.pm in @INC (@INC contains: /lustre/bmt-data/genomics/projects/lussana/bpnet_model_training/local/src/meme-5.1.1/scripts /usr/local/lib64/perl5 /usr/local/share/perl5 /usr/lib64/perl5/vendor_perl /usr/share/perl5/vendor_perl /usr/lib64/perl5 /usr/share/perl5 .) at /lustre/bmt-data/genomics/projects/lussana/bpnet_model_training/local/src/meme-5.1.1/scripts/tomtom_xml_to_html line 21.
BEGIN failed--compilation aborted at /lustre/bmt-data/genomics/projects/lussana/bpnet_model_training/local/src/meme-5.1.1/scripts/tomtom_xml_to_html line 21.
Warning: tomtom_xml_to_html exited abnormally and may have failed to create HTML output.
-------------------------------------------------------------------------------
tomtom exited with value 1 indicating failure.
FAILED!
*******************************************************************************
Test tomtom_kullback ...
tomtom -verbosity 1 -dist kullback -oc results/tomtom4 -incomplete-scores common/sample.meme common/sample.meme &> log
Can't locate XML/Parser/Expat.pm in @INC (@INC contains: /lustre/bmt-data/genomics/projects/lussana/bpnet_model_training/local/src/meme-5.1.1/scripts /usr/local/lib64/perl5 /usr/local/share/perl5 /usr/lib64/perl5/vendor_perl /usr/share/perl5/vendor_perl /usr/lib64/perl5 /usr/share/perl5 .) at /lustre/bmt-data/genomics/projects/lussana/bpnet_model_training/local/src/meme-5.1.1/scripts/tomtom_xml_to_html line 21.
BEGIN failed--compilation aborted at /lustre/bmt-data/genomics/projects/lussana/bpnet_model_training/local/src/meme-5.1.1/scripts/tomtom_xml_to_html line 21.
Warning: tomtom_xml_to_html exited abnormally and may have failed to create HTML output.
-------------------------------------------------------------------------------
tomtom exited with value 1 indicating failure.
FAILED!
*******************************************************************************
Test tomtom_pearson ...
tomtom -verbosity 1 -dist pearson -oc results/tomtom5 -incomplete-scores common/sample.meme common/sample.meme &> log
Can't locate XML/Parser/Expat.pm in @INC (@INC contains: /lustre/bmt-data/genomics/projects/lussana/bpnet_model_training/local/src/meme-5.1.1/scripts /usr/local/lib64/perl5 /usr/local/share/perl5 /usr/lib64/perl5/vendor_perl /usr/share/perl5/vendor_perl /usr/lib64/perl5 /usr/share/perl5 .) at /lustre/bmt-data/genomics/projects/lussana/bpnet_model_training/local/src/meme-5.1.1/scripts/tomtom_xml_to_html line 21.
BEGIN failed--compilation aborted at /lustre/bmt-data/genomics/projects/lussana/bpnet_model_training/local/src/meme-5.1.1/scripts/tomtom_xml_to_html line 21.
Warning: tomtom_xml_to_html exited abnormally and may have failed to create HTML output.
-------------------------------------------------------------------------------
tomtom exited with value 1 indicating failure.
FAILED!
*******************************************************************************
Test tomtom_sandelin ...
tomtom -verbosity 1 -dist sandelin -oc results/tomtom6 -incomplete-scores common/sample.meme common/sample.meme &> log
Can't locate XML/Parser/Expat.pm in @INC (@INC contains: /lustre/bmt-data/genomics/projects/lussana/bpnet_model_training/local/src/meme-5.1.1/scripts /usr/local/lib64/perl5 /usr/local/share/perl5 /usr/lib64/perl5/vendor_perl /usr/share/perl5/vendor_perl /usr/lib64/perl5 /usr/share/perl5 .) at /lustre/bmt-data/genomics/projects/lussana/bpnet_model_training/local/src/meme-5.1.1/scripts/tomtom_xml_to_html line 21.
BEGIN failed--compilation aborted at /lustre/bmt-data/genomics/projects/lussana/bpnet_model_training/local/src/meme-5.1.1/scripts/tomtom_xml_to_html line 21.
Warning: tomtom_xml_to_html exited abnormally and may have failed to create HTML output.
-------------------------------------------------------------------------------
tomtom exited with value 1 indicating failure.
FAILED!
*******************************************************************************
Test tomtom_blic1 ...
tomtom -verbosity 1 -dist blic1 -oc results/tomtom7 -incomplete-scores common/sample.meme common/sample.meme &> log
Can't locate XML/Parser/Expat.pm in @INC (@INC contains: /lustre/bmt-data/genomics/projects/lussana/bpnet_model_training/local/src/meme-5.1.1/scripts /usr/local/lib64/perl5 /usr/local/share/perl5 /usr/lib64/perl5/vendor_perl /usr/share/perl5/vendor_perl /usr/lib64/perl5 /usr/share/perl5 .) at /lustre/bmt-data/genomics/projects/lussana/bpnet_model_training/local/src/meme-5.1.1/scripts/tomtom_xml_to_html line 21.
BEGIN failed--compilation aborted at /lustre/bmt-data/genomics/projects/lussana/bpnet_model_training/local/src/meme-5.1.1/scripts/tomtom_xml_to_html line 21.
Warning: tomtom_xml_to_html exited abnormally and may have failed to create HTML output.
-------------------------------------------------------------------------------
tomtom exited with value 1 indicating failure.
FAILED!
*******************************************************************************
Test tomtom_blic5 ...
tomtom -verbosity 1 -dist blic5 -oc results/tomtom8 -incomplete-scores common/sample.meme common/sample.meme &> log
Can't locate XML/Parser/Expat.pm in @INC (@INC contains: /lustre/bmt-data/genomics/projects/lussana/bpnet_model_training/local/src/meme-5.1.1/scripts /usr/local/lib64/perl5 /usr/local/share/perl5 /usr/lib64/perl5/vendor_perl /usr/share/perl5/vendor_perl /usr/lib64/perl5 /usr/share/perl5 .) at /lustre/bmt-data/genomics/projects/lussana/bpnet_model_training/local/src/meme-5.1.1/scripts/tomtom_xml_to_html line 21.
BEGIN failed--compilation aborted at /lustre/bmt-data/genomics/projects/lussana/bpnet_model_training/local/src/meme-5.1.1/scripts/tomtom_xml_to_html line 21.
Warning: tomtom_xml_to_html exited abnormally and may have failed to create HTML output.
-------------------------------------------------------------------------------
tomtom exited with value 1 indicating failure.
FAILED!
*******************************************************************************
Test tomtom_allr_cs ...
tomtom -verbosity 1 -dist allr -oc results/tomtom9 common/sample.meme common/sample.meme &> log
Can't locate XML/Parser/Expat.pm in @INC (@INC contains: /lustre/bmt-data/genomics/projects/lussana/bpnet_model_training/local/src/meme-5.1.1/scripts /usr/local/lib64/perl5 /usr/local/share/perl5 /usr/lib64/perl5/vendor_perl /usr/share/perl5/vendor_perl /usr/lib64/perl5 /usr/share/perl5 .) at /lustre/bmt-data/genomics/projects/lussana/bpnet_model_training/local/src/meme-5.1.1/scripts/tomtom_xml_to_html line 21.
BEGIN failed--compilation aborted at /lustre/bmt-data/genomics/projects/lussana/bpnet_model_training/local/src/meme-5.1.1/scripts/tomtom_xml_to_html line 21.
Warning: tomtom_xml_to_html exited abnormally and may have failed to create HTML output.
-------------------------------------------------------------------------------
tomtom exited with value 1 indicating failure.
FAILED!
*******************************************************************************
Test tomtom_ed_cs ...
tomtom -verbosity 1 -dist ed -oc results/tomtom10 common/sample.meme common/sample.meme &> log
Can't locate XML/Parser/Expat.pm in @INC (@INC contains: /lustre/bmt-data/genomics/projects/lussana/bpnet_model_training/local/src/meme-5.1.1/scripts /usr/local/lib64/perl5 /usr/local/share/perl5 /usr/lib64/perl5/vendor_perl /usr/share/perl5/vendor_perl /usr/lib64/perl5 /usr/share/perl5 .) at /lustre/bmt-data/genomics/projects/lussana/bpnet_model_training/local/src/meme-5.1.1/scripts/tomtom_xml_to_html line 21.
BEGIN failed--compilation aborted at /lustre/bmt-data/genomics/projects/lussana/bpnet_model_training/local/src/meme-5.1.1/scripts/tomtom_xml_to_html line 21.
Warning: tomtom_xml_to_html exited abnormally and may have failed to create HTML output.
-------------------------------------------------------------------------------
tomtom exited with value 1 indicating failure.
FAILED!
*******************************************************************************
Test tomtom_kullback_cs ...
tomtom -verbosity 1 -dist kullback -oc results/tomtom11 common/sample.meme common/sample.meme &> log
Can't locate XML/Parser/Expat.pm in @INC (@INC contains: /lustre/bmt-data/genomics/projects/lussana/bpnet_model_training/local/src/meme-5.1.1/scripts /usr/local/lib64/perl5 /usr/local/share/perl5 /usr/lib64/perl5/vendor_perl /usr/share/perl5/vendor_perl /usr/lib64/perl5 /usr/share/perl5 .) at /lustre/bmt-data/genomics/projects/lussana/bpnet_model_training/local/src/meme-5.1.1/scripts/tomtom_xml_to_html line 21.
BEGIN failed--compilation aborted at /lustre/bmt-data/genomics/projects/lussana/bpnet_model_training/local/src/meme-5.1.1/scripts/tomtom_xml_to_html line 21.
Warning: tomtom_xml_to_html exited abnormally and may have failed to create HTML output.
-------------------------------------------------------------------------------
tomtom exited with value 1 indicating failure.
FAILED!
*******************************************************************************
Test tomtom_pearson_cs ...
tomtom -verbosity 1 -dist pearson -oc results/tomtom12 common/sample.meme common/sample.meme &> log
Can't locate XML/Parser/Expat.pm in @INC (@INC contains: /lustre/bmt-data/genomics/projects/lussana/bpnet_model_training/local/src/meme-5.1.1/scripts /usr/local/lib64/perl5 /usr/local/share/perl5 /usr/lib64/perl5/vendor_perl /usr/share/perl5/vendor_perl /usr/lib64/perl5 /usr/share/perl5 .) at /lustre/bmt-data/genomics/projects/lussana/bpnet_model_training/local/src/meme-5.1.1/scripts/tomtom_xml_to_html line 21.
BEGIN failed--compilation aborted at /lustre/bmt-data/genomics/projects/lussana/bpnet_model_training/local/src/meme-5.1.1/scripts/tomtom_xml_to_html line 21.
Warning: tomtom_xml_to_html exited abnormally and may have failed to create HTML output.
-------------------------------------------------------------------------------
tomtom exited with value 1 indicating failure.
FAILED!
*******************************************************************************
Test tomtom_sandelin_cs ...
tomtom -verbosity 1 -dist sandelin -oc results/tomtom13 common/sample.meme common/sample.meme &> log
Can't locate XML/Parser/Expat.pm in @INC (@INC contains: /lustre/bmt-data/genomics/projects/lussana/bpnet_model_training/local/src/meme-5.1.1/scripts /usr/local/lib64/perl5 /usr/local/share/perl5 /usr/lib64/perl5/vendor_perl /usr/share/perl5/vendor_perl /usr/lib64/perl5 /usr/share/perl5 .) at /lustre/bmt-data/genomics/projects/lussana/bpnet_model_training/local/src/meme-5.1.1/scripts/tomtom_xml_to_html line 21.
BEGIN failed--compilation aborted at /lustre/bmt-data/genomics/projects/lussana/bpnet_model_training/local/src/meme-5.1.1/scripts/tomtom_xml_to_html line 21.
Warning: tomtom_xml_to_html exited abnormally and may have failed to create HTML output.
-------------------------------------------------------------------------------
tomtom exited with value 1 indicating failure.
FAILED!
*******************************************************************************
Test tomtom_blic1_cs ...
tomtom -verbosity 1 -dist blic1 -oc results/tomtom14 common/sample.meme common/sample.meme &> log
Can't locate XML/Parser/Expat.pm in @INC (@INC contains: /lustre/bmt-data/genomics/projects/lussana/bpnet_model_training/local/src/meme-5.1.1/scripts /usr/local/lib64/perl5 /usr/local/share/perl5 /usr/lib64/perl5/vendor_perl /usr/share/perl5/vendor_perl /usr/lib64/perl5 /usr/share/perl5 .) at /lustre/bmt-data/genomics/projects/lussana/bpnet_model_training/local/src/meme-5.1.1/scripts/tomtom_xml_to_html line 21.
BEGIN failed--compilation aborted at /lustre/bmt-data/genomics/projects/lussana/bpnet_model_training/local/src/meme-5.1.1/scripts/tomtom_xml_to_html line 21.
Warning: tomtom_xml_to_html exited abnormally and may have failed to create HTML output.
-------------------------------------------------------------------------------
tomtom exited with value 1 indicating failure.
FAILED!
*******************************************************************************
Test tomtom_blic5_cs ...
tomtom -verbosity 1 -dist blic5 -oc results/tomtom15 common/sample.meme common/sample.meme &> log
Can't locate XML/Parser/Expat.pm in @INC (@INC contains: /lustre/bmt-data/genomics/projects/lussana/bpnet_model_training/local/src/meme-5.1.1/scripts /usr/local/lib64/perl5 /usr/local/share/perl5 /usr/lib64/perl5/vendor_perl /usr/share/perl5/vendor_perl /usr/lib64/perl5 /usr/share/perl5 .) at /lustre/bmt-data/genomics/projects/lussana/bpnet_model_training/local/src/meme-5.1.1/scripts/tomtom_xml_to_html line 21.
BEGIN failed--compilation aborted at /lustre/bmt-data/genomics/projects/lussana/bpnet_model_training/local/src/meme-5.1.1/scripts/tomtom_xml_to_html line 21.
Warning: tomtom_xml_to_html exited abnormally and may have failed to create HTML output.
-------------------------------------------------------------------------------
tomtom exited with value 1 indicating failure.
FAILED!

